<?xml version="1.0" encoding="UTF-8"?>
<!-- Generated by org.testng.reporters.JUnitXMLReporter -->
<testsuite hostname="TungH-RogStrix" ignored="0" name="Login Test" tests="4" failures="0" timestamp="2021-12-07T03:33:32 ICT" time="45.399" errors="0">
  <testcase name="loginWithInvalidCreds" time="22.795" classname="TestNG.TestLoginPage.LoginTest"/>
  <testcase name="loginWithInvalidCreds" time="6.745" classname="TestNG.TestLoginPage.LoginTest"/>
  <testcase name="loginWithInvalidCreds" time="7.432" classname="TestNG.TestLoginPage.LoginTest"/>
  <testcase name="loginWithValidCreds" time="8.077" classname="TestNG.TestLoginPage.LoginTest"/>
</testsuite> <!-- Login Test -->
