<?xml version="1.0" encoding="UTF-8"?>
<!-- Generated by org.testng.reporters.JUnitXMLReporter -->
<testsuite hostname="TungH-RogStrix" ignored="0" name="Sign Up Test" tests="4" failures="0" timestamp="2021-12-07T03:34:13 ICT" time="40.797" errors="0">
  <testcase name="signUpWithInvalidCreds" time="10.331" classname="TestNG.TestLoginPage.SignUpTest"/>
  <testcase name="signUpWithInvalidCreds" time="11.359" classname="TestNG.TestLoginPage.SignUpTest"/>
  <testcase name="signUpWithInvalidCreds" time="8.882" classname="TestNG.TestLoginPage.SignUpTest"/>
  <testcase name="signUpWithValidCreds" time="10.201" classname="TestNG.TestLoginPage.SignUpTest"/>
</testsuite> <!-- Sign Up Test -->
