<?xml version="1.0" encoding="UTF-8"?>
<testsuite xmlns:xsi="http://www.w3.org/2001/XMLSchema-instance" xsi:noNamespaceSchemaLocation="https://maven.apache.org/surefire/maven-surefire-plugin/xsd/surefire-test-report-3.0.xsd" version="3.0" name="TestSuite" time="88.939" tests="8" errors="0" skipped="0" failures="0">
  <properties>
[...]
</properties>
  <testcase name="loginWithInvalidCreds[LoginCreds{username=&apos;Tunghuynh@gmail.com&apos;, password=&apos;1234&apos;}](1)" classname="TestNG.TestLoginPage.LoginTest" time="22.797">
    <system-out><![CDATA[[Configuration] [WARN] Detected a static method [TestNG.BaseTestEx.beforeSuite()]. Static configuration methods can cause  unexpected behavior.
[Configuration] [WARN] Detected a static method [TestNG.BaseTestEx.afterSuite()]. Static configuration methods can cause  unexpected behavior.
[Configuration] [WARN] Detected a static method [TestNG.BaseTestEx.beforeSuite()]. Static configuration methods can cause  unexpected behavior.
[Configuration] [WARN] Detected a static method [TestNG.BaseTestEx.afterSuite()]. Static configuration methods can cause  unexpected behavior.
&amp#27;[35m[Appium]&amp#27;[39m Welcome to Appium v1.22.0
&amp#27;[35m[Appium]&amp#27;[39m Non-default server args:
&amp#27;[35m[Appium]&amp#27;[39m   address: 127.0.0.1
&amp#27;[35m[Appium]&amp#27;[39m   port: 41500
&amp#27;[35m[Appium]&amp#27;[39m   allowInsecure: {
&amp#27;[35m[Appium]&amp#27;[39m     0: chromedriver_autodownload
&amp#27;[35m[Appium]&amp#27;[39m   }
&amp#27;[35m[Appium]&amp#27;[39m Appium REST http interface listener started on 127.0.0.1:41500
&amp#27;[35m[HTTP]&amp#27;[39m &amp#27;[37m-->&amp#27;[39m &amp#27;[37mGET&amp#27;[39m &amp#27;[37m/wd/hub/status&amp#27;[39m
&amp#27;[35m[HTTP]&amp#27;[39m &amp#27;[90m{}&amp#27;[39m
[debug] &amp#27;[35m[GENERIC]&amp#27;[39m Calling AppiumDriver.getStatus() with args: []
[debug] &amp#27;[35m[GENERIC]&amp#27;[39m Responding to client with driver.getStatus() result: {"build":{"version":"1.22.0"}}
&amp#27;[35m[HTTP]&amp#27;[39m &amp#27;[37m<-- GET /wd/hub/status &amp#27;[39m&amp#27;[32m200&amp#27;[39m &amp#27;[90m4 ms - 68&amp#27;[39m
&amp#27;[35m[HTTP]&amp#27;[39m &amp#27;[90m&amp#27;[39m
[debug] &amp#27;[35m[HTTP]&amp#27;[39m Request idempotency key: 7df767b2-1dd7-460a-a00c-6a911d84f072
&amp#27;[35m[HTTP]&amp#27;[39m &amp#27;[37m-->&amp#27;[39m &amp#27;[37mPOST&amp#27;[39m &amp#27;[37m/wd/hub/session&amp#27;[39m
&amp#27;[35m[HTTP]&amp#27;[39m &amp#27;[90m{"desiredCapabilities":{"appActivity":"com.wdiodemoapp.MainActivity","appPackage":"com.wdiodemoapp","avdLaunchTimeout":120000,"newCommandTimeout":120,"automationName":"UiAutomator2","platformName":"Android","udid":"CB5A2BZKHF","deviceName":"Z5 Prem"},"capabilities":{"firstMatch":[{"appium:appActivity":"com.wdiodemoapp.MainActivity","appium:appPackage":"com.wdiodemoapp","appium:automationName":"UiAutomator2","appium:avdLaunchTimeout":120000,"appium:deviceName":"Z5 Prem","appium:newCommandTimeout":120,"platformName":"android","appium:udid":"CB5A2BZKHF"}]}}&amp#27;[39m
[debug] &amp#27;[35m[W3C]&amp#27;[39m Calling AppiumDriver.createSession() with args: [{"appActivity":"com.wdiodemoapp.MainActivity","appPackage":"com.wdiodemoapp","avdLaunchTimeout":120000,"newCommandTimeout":120,"automationName":"UiAutomator2","platformName":"Android","udid":"CB5A2BZKHF","deviceName":"Z5 Prem"},null,{"firstMatch":[{"appium:appActivity":"com.wdiodemoapp.MainActivity","appium:appPackage":"com.wdiodemoapp","appium:automationName":"UiAutomator2","appium:avdLaunchTimeout":120000,"appium:deviceName":"Z5 Prem","appium:newCommandTimeout":120,"platformName":"android","appium:udid":"CB5A2BZKHF"}]}]
[debug] &amp#27;[35m[BaseDriver]&amp#27;[39m Event 'newSessionRequested' logged at 1638822772323 (03:32:52 GMT+0700 (Indochina Time))
&amp#27;[35m[Appium]&amp#27;[39m Appium v1.22.0 creating new AndroidUiautomator2Driver (v1.69.0) session
&amp#27;[35m[Appium]&amp#27;[39m Explicitly enabling use of insecure features:
&amp#27;[35m[Appium]&amp#27;[39m     chromedriver_autodownload
[debug] &amp#27;[35m[BaseDriver]&amp#27;[39m W3C capabilities and MJSONWP desired capabilities were provided
[debug] &amp#27;[35m[BaseDriver]&amp#27;[39m Creating session with W3C capabilities: {
[debug] &amp#27;[35m[BaseDriver]&amp#27;[39m   "alwaysMatch": {
[debug] &amp#27;[35m[BaseDriver]&amp#27;[39m     "platformName": "android",
[debug] &amp#27;[35m[BaseDriver]&amp#27;[39m     "appium:appActivity": "com.wdiodemoapp.MainActivity",
[debug] &amp#27;[35m[BaseDriver]&amp#27;[39m     "appium:appPackage": "com.wdiodemoapp",
[debug] &amp#27;[35m[BaseDriver]&amp#27;[39m     "appium:automationName": "UiAutomator2",
[debug] &amp#27;[35m[BaseDriver]&amp#27;[39m     "appium:avdLaunchTimeout": 120000,
[debug] &amp#27;[35m[BaseDriver]&amp#27;[39m     "appium:deviceName": "Z5 Prem",
[debug] &amp#27;[35m[BaseDriver]&amp#27;[39m     "appium:newCommandTimeout": 120,
[debug] &amp#27;[35m[BaseDriver]&amp#27;[39m     "appium:udid": "CB5A2BZKHF"
[debug] &amp#27;[35m[BaseDriver]&amp#27;[39m   },
[debug] &amp#27;[35m[BaseDriver]&amp#27;[39m   "firstMatch": [
[debug] &amp#27;[35m[BaseDriver]&amp#27;[39m     {}
[debug] &amp#27;[35m[BaseDriver]&amp#27;[39m   ]
[debug] &amp#27;[35m[BaseDriver]&amp#27;[39m }
&amp#27;[35m[BaseDriver]&amp#27;[39m Session created with session id: 8bc46446-73b9-46f3-8673-a9e1e5431af5
&amp#27;[35m[UiAutomator2]&amp#27;[39m Starting 'com.wdiodemoapp' directly on the device
&amp#27;[35m[ADB]&amp#27;[39m Found 1 'build-tools' folders under 'C:\Android\sdk' (newest first):
&amp#27;[35m[ADB]&amp#27;[39m     C:/Android/sdk/build-tools/31.0.0
&amp#27;[35m[ADB]&amp#27;[39m Using 'adb.exe' from 'C:\Android\sdk\platform-tools\adb.exe'
[debug] &amp#27;[35m[ADB]&amp#27;[39m Running 'C:\Android\sdk\platform-tools\adb.exe -P 5037 start-server'
&amp#27;[35m[AndroidDriver]&amp#27;[39m Retrieving device list
[debug] &amp#27;[35m[ADB]&amp#27;[39m Trying to find a connected android device
[debug] &amp#27;[35m[ADB]&amp#27;[39m Getting connected devices
[debug] &amp#27;[35m[ADB]&amp#27;[39m Connected devices: [{"udid":"CB5A2BZKHF","state":"device"}]
&amp#27;[35m[AndroidDriver]&amp#27;[39m Using device: CB5A2BZKHF
&amp#27;[35m[ADB]&amp#27;[39m Using 'adb.exe' from 'C:\Android\sdk\platform-tools\adb.exe'
[debug] &amp#27;[35m[ADB]&amp#27;[39m Running 'C:\Android\sdk\platform-tools\adb.exe -P 5037 start-server'
[debug] &amp#27;[35m[ADB]&amp#27;[39m Setting device id to CB5A2BZKHF
[debug] &amp#27;[35m[ADB]&amp#27;[39m Running 'C:\Android\sdk\platform-tools\adb.exe -P 5037 -s CB5A2BZKHF shell getprop ro.build.version.sdk'
[debug] &amp#27;[35m[ADB]&amp#27;[39m Current device property 'ro.build.version.sdk': 25
[debug] &amp#27;[35m[ADB]&amp#27;[39m Device API level: 25
&amp#27;[35m[AndroidDriver]&amp#27;[39m No app sent in, not parsing package/activity
[debug] &amp#27;[35m[ADB]&amp#27;[39m Running 'C:\Android\sdk\platform-tools\adb.exe -P 5037 -s CB5A2BZKHF wait-for-device'
[debug] &amp#27;[35m[ADB]&amp#27;[39m Running 'C:\Android\sdk\platform-tools\adb.exe -P 5037 -s CB5A2BZKHF shell echo ping'
[debug] &amp#27;[35m[AndroidDriver]&amp#27;[39m Pushing settings apk to device...
[debug] &amp#27;[35m[ADB]&amp#27;[39m Getting install status for io.appium.settings
[debug] &amp#27;[35m[ADB]&amp#27;[39m Running 'C:\Android\sdk\platform-tools\adb.exe -P 5037 -s CB5A2BZKHF shell dumpsys package io.appium.settings'
[debug] &amp#27;[35m[ADB]&amp#27;[39m 'io.appium.settings' is installed
[debug] &amp#27;[35m[ADB]&amp#27;[39m Getting package info for 'io.appium.settings'
[debug] &amp#27;[35m[ADB]&amp#27;[39m Running 'C:\Android\sdk\platform-tools\adb.exe -P 5037 -s CB5A2BZKHF shell dumpsys package io.appium.settings'
[debug] &amp#27;[35m[ADB]&amp#27;[39m The version name of the installed 'io.appium.settings' is greater or equal to the application version name ('3.4.0' >= '3.4.0')
[debug] &amp#27;[35m[ADB]&amp#27;[39m There is no need to install/upgrade 'C:\Users\tungh\AppData\Roaming\npm\node_modules\appium\node_modules\io.appium.settings\apks\settings_apk-debug.apk'
[debug] &amp#27;[35m[ADB]&amp#27;[39m Getting IDs of all 'io.appium.settings' processes
[debug] &amp#27;[35m[ADB]&amp#27;[39m Running 'C:\Android\sdk\platform-tools\adb.exe -P 5037 -s CB5A2BZKHF shell 'pgrep --help; echo $?''
[debug] &amp#27;[35m[ADB]&amp#27;[39m Running 'C:\Android\sdk\platform-tools\adb.exe -P 5037 -s CB5A2BZKHF shell 'pgrep ^appium\\.settings$ || pgrep ^io\\.appium\\.setti$''
[debug] &amp#27;[35m[AndroidDriver]&amp#27;[39m io.appium.settings is already running. There is no need to reset its permissions.
[debug] &amp#27;[35m[ADB]&amp#27;[39m Running 'C:\Android\sdk\platform-tools\adb.exe -P 5037 -s CB5A2BZKHF shell appops set io.appium.settings android:mock_location allow'
[debug] &amp#27;[35m[Logcat]&amp#27;[39m Starting logs capture with command: C:\\Android\\sdk\\platform-tools\\adb.exe -P 5037 -s CB5A2BZKHF logcat -v threadtime
[debug] &amp#27;[35m[UiAutomator2]&amp#27;[39m Forwarding UiAutomator2 Server port 6790 to local port 8204
[debug] &amp#27;[35m[ADB]&amp#27;[39m Forwarding system: 8204 to device: 6790
[debug] &amp#27;[35m[ADB]&amp#27;[39m Running 'C:\Android\sdk\platform-tools\adb.exe -P 5037 -s CB5A2BZKHF forward tcp:8204 tcp:6790'
[debug] &amp#27;[35m[ADB]&amp#27;[39m Getting install status for io.appium.uiautomator2.server
[debug] &amp#27;[35m[ADB]&amp#27;[39m Running 'C:\Android\sdk\platform-tools\adb.exe -P 5037 -s CB5A2BZKHF shell dumpsys package io.appium.uiautomator2.server'
[debug] &amp#27;[35m[ADB]&amp#27;[39m 'io.appium.uiautomator2.server' is installed
[debug] &amp#27;[35m[ADB]&amp#27;[39m Getting package info for 'io.appium.uiautomator2.server'
[debug] &amp#27;[35m[ADB]&amp#27;[39m Running 'C:\Android\sdk\platform-tools\adb.exe -P 5037 -s CB5A2BZKHF shell dumpsys package io.appium.uiautomator2.server'
[debug] &amp#27;[35m[ADB]&amp#27;[39m The version name of the installed 'io.appium.uiautomator2.server' is greater or equal to the application version name ('4.24.0' >= '4.24.0')
[debug] &amp#27;[35m[UiAutomator2]&amp#27;[39m io.appium.uiautomator2.server installation state: sameVersionInstalled
[debug] &amp#27;[35m[ADB]&amp#27;[39m Checking app cert for C:\Users\tungh\AppData\Roaming\npm\node_modules\appium\node_modules\appium-uiautomator2-server\apks\appium-uiautomator2-server-v4.24.0.apk
&amp#27;[35m[ADB]&amp#27;[39m Using 'apksigner.jar' from 'C:\Android\sdk\build-tools\31.0.0\lib\apksigner.jar'
[debug] &amp#27;[35m[ADB]&amp#27;[39m Starting apksigner: 'C:\\Program Files\\Java\\jdk1.8.0_181\\bin\\java.exe' -Xmx1024M -Xss1m -jar C:\\Android\\sdk\\build-tools\\31.0.0\\lib\\apksigner.jar verify --print-certs C:\\Users\\tungh\\AppData\\Roaming\\npm\\node_modules\\appium\\node_modules\\appium-uiautomator2-server\\apks\\appium-uiautomator2-server-v4.24.0.apk
[debug] &amp#27;[35m[ADB]&amp#27;[39m apksigner stdout: Signer #1 certificate DN: EMAILADDRESS=android@android.com, CN=Android, OU=Android, O=Android, L=Mountain View, ST=California, C=US
[debug] &amp#27;[35m[ADB]&amp#27;[39m Signer #1 certificate SHA-256 digest: a40da80a59d170caa950cf15c18c454d47a39b26989d8b640ecd745ba71bf5dc
[debug] &amp#27;[35m[ADB]&amp#27;[39m Signer #1 certificate SHA-1 digest: 61ed377e85d386a8dfee6b864bd85b0bfaa5af81
[debug] &amp#27;[35m[ADB]&amp#27;[39m Signer #1 certificate MD5 digest: e89b158e4bcf988ebd09eb83f5378e87
[debug] &amp#27;[35m[ADB]&amp#27;[39m 
[debug] &amp#27;[35m[ADB]&amp#27;[39m sha256 hash did match for 'appium-uiautomator2-server-v4.24.0.apk'
&amp#27;[35m[ADB]&amp#27;[39m 'C:\Users\tungh\AppData\Roaming\npm\node_modules\appium\node_modules\appium-uiautomator2-server\apks\appium-uiautomator2-server-v4.24.0.apk' is signed with the default certificate
[debug] &amp#27;[35m[ADB]&amp#27;[39m Getting install status for io.appium.uiautomator2.server.test
[debug] &amp#27;[35m[ADB]&amp#27;[39m Running 'C:\Android\sdk\platform-tools\adb.exe -P 5037 -s CB5A2BZKHF shell dumpsys package io.appium.uiautomator2.server.test'
[debug] &amp#27;[35m[ADB]&amp#27;[39m 'io.appium.uiautomator2.server.test' is installed
[debug] &amp#27;[35m[ADB]&amp#27;[39m Checking app cert for C:\Users\tungh\AppData\Roaming\npm\node_modules\appium\node_modules\appium-uiautomator2-server\apks\appium-uiautomator2-server-debug-androidTest.apk
[debug] &amp#27;[35m[ADB]&amp#27;[39m Starting apksigner: 'C:\\Program Files\\Java\\jdk1.8.0_181\\bin\\java.exe' -Xmx1024M -Xss1m -jar C:\\Android\\sdk\\build-tools\\31.0.0\\lib\\apksigner.jar verify --print-certs C:\\Users\\tungh\\AppData\\Roaming\\npm\\node_modules\\appium\\node_modules\\appium-uiautomator2-server\\apks\\appium-uiautomator2-server-debug-androidTest.apk
[debug] &amp#27;[35m[ADB]&amp#27;[39m apksigner stdout: Signer #1 certificate DN: EMAILADDRESS=android@android.com, CN=Android, OU=Android, O=Android, L=Mountain View, ST=California, C=US
[debug] &amp#27;[35m[ADB]&amp#27;[39m Signer #1 certificate SHA-256 digest: a40da80a59d170caa950cf15c18c454d47a39b26989d8b640ecd745ba71bf5dc
[debug] &amp#27;[35m[ADB]&amp#27;[39m Signer #1 certificate SHA-1 digest: 61ed377e85d386a8dfee6b864bd85b0bfaa5af81
[debug] &amp#27;[35m[ADB]&amp#27;[39m Signer #1 certificate MD5 digest: e89b158e4bcf988ebd09eb83f5378e87
[debug] &amp#27;[35m[ADB]&amp#27;[39m 
[debug] &amp#27;[35m[ADB]&amp#27;[39m sha256 hash did match for 'appium-uiautomator2-server-debug-androidTest.apk'
&amp#27;[35m[ADB]&amp#27;[39m 'C:\Users\tungh\AppData\Roaming\npm\node_modules\appium\node_modules\appium-uiautomator2-server\apks\appium-uiautomator2-server-debug-androidTest.apk' is signed with the default certificate
&amp#27;[35m[UiAutomator2]&amp#27;[39m Server packages are not going to be (re)installed
[debug] &amp#27;[35m[UiAutomator2]&amp#27;[39m Waiting up to 30000ms for services to be available
[debug] &amp#27;[35m[ADB]&amp#27;[39m Running 'C:\Android\sdk\platform-tools\adb.exe -P 5037 -s CB5A2BZKHF shell pm list instrumentation'
[debug] &amp#27;[35m[UiAutomator2]&amp#27;[39m Instrumentation target 'io.appium.uiautomator2.server.test/androidx.test.runner.AndroidJUnitRunner' is available
&amp#27;[35m[ADB]&amp#27;[39m Adding packages ["io.appium.settings","io.appium.uiautomator2.server","io.appium.uiautomator2.server.test"] to Doze whitelist
[debug] &amp#27;[35m[ADB]&amp#27;[39m Got the following command chunks to execute: [["dumpsys","deviceidle","whitelist","+io.appium.settings",";","dumpsys","deviceidle","whitelist","+io.appium.uiautomator2.server",";","dumpsys","deviceidle","whitelist","+io.appium.uiautomator2.server.test",";"]]
[debug] &amp#27;[35m[ADB]&amp#27;[39m Running 'C:\Android\sdk\platform-tools\adb.exe -P 5037 -s CB5A2BZKHF shell dumpsys deviceidle whitelist +io.appium.settings ; dumpsys deviceidle whitelist +io.appium.uiautomator2.server ; dumpsys deviceidle whitelist +io.appium.uiautomator2.server.test ;'
[debug] &amp#27;[35m[UiAutomator2]&amp#27;[39m No app capability. Assuming it is already on the device
[debug] &amp#27;[35m[ADB]&amp#27;[39m Getting install status for com.wdiodemoapp
[debug] &amp#27;[35m[ADB]&amp#27;[39m Running 'C:\Android\sdk\platform-tools\adb.exe -P 5037 -s CB5A2BZKHF shell dumpsys package com.wdiodemoapp'
[debug] &amp#27;[35m[ADB]&amp#27;[39m 'com.wdiodemoapp' is installed
[debug] &amp#27;[35m[ADB]&amp#27;[39m Running 'C:\Android\sdk\platform-tools\adb.exe -P 5037 -s CB5A2BZKHF shell am force-stop com.wdiodemoapp'
[debug] &amp#27;[35m[ADB]&amp#27;[39m Running 'C:\Android\sdk\platform-tools\adb.exe -P 5037 -s CB5A2BZKHF shell pm clear com.wdiodemoapp'
[debug] &amp#27;[35m[AndroidDriver]&amp#27;[39m Performed fast reset on the installed 'com.wdiodemoapp' application (stop and clear)
[debug] &amp#27;[35m[UiAutomator2]&amp#27;[39m Performing shallow cleanup of automation leftovers
[debug] &amp#27;[35m[UiAutomator2]&amp#27;[39m No obsolete sessions have been detected (socket hang up)
[debug] &amp#27;[35m[ADB]&amp#27;[39m Running 'C:\Android\sdk\platform-tools\adb.exe -P 5037 -s CB5A2BZKHF shell am force-stop io.appium.uiautomator2.server.test'
&amp#27;[35m[UiAutomator2]&amp#27;[39m Starting UIAutomator2 server 4.24.0
&amp#27;[35m[UiAutomator2]&amp#27;[39m Using UIAutomator2 server from 'C:\Users\tungh\AppData\Roaming\npm\node_modules\appium\node_modules\appium-uiautomator2-server\apks\appium-uiautomator2-server-v4.24.0.apk' and test from 'C:\Users\tungh\AppData\Roaming\npm\node_modules\appium\node_modules\appium-uiautomator2-server\apks\appium-uiautomator2-server-debug-androidTest.apk'
&amp#27;[35m[UiAutomator2]&amp#27;[39m Waiting up to 30000ms for UiAutomator2 to be online...
[debug] &amp#27;[35m[ADB]&amp#27;[39m Creating ADB subprocess with args: ["-P",5037,"-s","CB5A2BZKHF","shell","am","instrument","-w","-e","disableAnalytics",true,"io.appium.uiautomator2.server.test/androidx.test.runner.AndroidJUnitRunner"]
[debug] &amp#27;[35m[WD Proxy]&amp#27;[39m Matched '/status' to command name 'getStatus'
[debug] &amp#27;[35m[WD Proxy]&amp#27;[39m Proxying [GET /status] to [GET http://127.0.0.1:8204/wd/hub/status] with no body
&amp#27;[35m[WD Proxy]&amp#27;[39m socket hang up
[debug] &amp#27;[35m[Instrumentation]&amp#27;[39m io.appium.uiautomator2.server.test.AppiumUiAutomator2Server:
[debug] &amp#27;[35m[WD Proxy]&amp#27;[39m Matched '/status' to command name 'getStatus'
[debug] &amp#27;[35m[WD Proxy]&amp#27;[39m Proxying [GET /status] to [GET http://127.0.0.1:8204/wd/hub/status] with no body
&amp#27;[35m[WD Proxy]&amp#27;[39m socket hang up
[debug] &amp#27;[35m[WD Proxy]&amp#27;[39m Matched '/status' to command name 'getStatus'
[debug] &amp#27;[35m[WD Proxy]&amp#27;[39m Proxying [GET /status] to [GET http://127.0.0.1:8204/wd/hub/status] with no body
[debug] &amp#27;[35m[WD Proxy]&amp#27;[39m Got response with status 200: {"sessionId":"None","value":{"message":"UiAutomator2 Server is ready to accept commands","ready":true}}
[debug] &amp#27;[35m[UiAutomator2]&amp#27;[39m The initialization of the instrumentation process took 2135ms
[debug] &amp#27;[35m[WD Proxy]&amp#27;[39m Matched '/session' to command name 'createSession'
[debug] &amp#27;[35m[WD Proxy]&amp#27;[39m Proxying [POST /session] to [POST http://127.0.0.1:8204/wd/hub/session] with body: {"capabilities":{"firstMatch":[{"platform":"LINUX","webStorageEnabled":false,"takesScreenshot":true,"javascriptEnabled":true,"databaseEnabled":false,"networkConnectionEnabled":true,"locationContextEnabled":false,"warnings":{},"desired":{"platformName":"android","appActivity":"com.wdiodemoapp.MainActivity","appPackage":"com.wdiodemoapp","automationName":"UiAutomator2","avdLaunchTimeout":120000,"deviceName":"Z5 Prem","newCommandTimeout":120,"udid":"CB5A2BZKHF"},"platformName":"android","appActivity":"com.wdiodemoapp.MainActivity","appPackage":"com.wdiodemoapp","automationName":"UiAutomator2","avdLaunchTimeout":120000,"deviceName":"CB5A2BZKHF","newCommandTimeout":120,"udid":"CB5A2BZKHF","deviceUDID":"CB5A2BZKHF"}],"alwaysMatch":{}}}
[debug] &amp#27;[35m[WD Proxy]&amp#27;[39m Got response with status 200: {"sessionId":"1ba6c3f2-83d8-4411-bd70-b85c0b3a5be5","value":{"capabilities":{"firstMatch":[{"platform":"LINUX","webStorageEnabled":false,"takesScreenshot":true,"javascriptEnabled":true,"databaseEnabled":false,"networkConnectionEnabled":true,"locationContextEnabled":false,"warnings":{},"desired":{"platformName":"android","appActivity":"com.wdiodemoapp.MainActivity","appPackage":"com.wdiodemoapp","automationName":"UiAutomator2","avdLaunchTimeout":120000,"deviceName":"Z5 Prem","newCommandTimeout":120,"udid":"CB5A2BZKHF"},"platformName":"android","appActivity":"com.wdiodemoapp.MainActivity","appPackage":"com.wdiodemoapp","automationName":"UiAutomator2","avdLaunchTimeout":120000,"deviceName":"CB5A2BZKHF","newCommandTimeout":120,"udid":"CB5A2BZKHF","deviceUDID":"CB5A2BZKHF"}],"alwaysMatch":{}},"sessionId":"1ba6c3f2-83d8-4411-bd70-b85c0b3a5be5"}}
&amp#27;[35m[WD Proxy]&amp#27;[39m Determined the downstream protocol as 'W3C'
[debug] &amp#27;[35m[WD Proxy]&amp#27;[39m Proxying [GET /appium/device/info] to [GET http://127.0.0.1:8204/wd/hub/session/1ba6c3f2-83d8-4411-bd70-b85c0b3a5be5/appium/device/info] with no body
[debug] &amp#27;[35m[WD Proxy]&amp#27;[39m Got response with status 200: {"sessionId":"1ba6c3f2-83d8-4411-bd70-b85c0b3a5be5","value":{"androidId":"e6c4b50fcb5a1eca","apiVersion":"25","bluetooth":{"state":"ON"},"brand":"Sony","carrierName":"","displayDensity":408,"locale":"en_US","manufacturer":"Sony","model":"E6883","networks":[{"capabilities":{"SSID":null,"linkDownBandwidthKbps":1048576,"linkUpstreamBandwidthKbps":1048576,"networkCapabilities":"NET_CAPABILITY_NOT_METERED,NET_CAPABILITY_NOT_RESTRICTED,NET_CAPABILITY_NOT_VPN,NET_CAPABILITY_NOT_ROAMING,NET_CAPABILITY_INTERNET,NET_CAPABILITY_TRUSTED","signalStrength":-63,"transportTypes":"TRANSPORT_WIFI"},"detailedState":"CONNECTED","extraInfo":"\"Wifi 5G\"","isAvailable":true,"isConnected":true,"isFailover":false,"isRoaming":false,"state":"CONNECTED","subtype":0,"subtypeName":"","type":1,"typeName":"WIFI"}],"platformVersion":"7.1.1","realDisplaySize":"1080x1920","timeZone":"Asia/Saigon"}}
[debug] &amp#27;[35m[ADB]&amp#27;[39m Running 'C:\Android\sdk\platform-tools\adb.exe -P 5037 -s CB5A2BZKHF shell dumpsys window'
&amp#27;[35m[AndroidDriver]&amp#27;[39m Screen already unlocked, doing nothing
&amp#27;[35m[UiAutomator2]&amp#27;[39m Starting 'com.wdiodemoapp/com.wdiodemoapp.MainActivity and waiting for 'com.wdiodemoapp/com.wdiodemoapp.MainActivity'
[debug] &amp#27;[35m[ADB]&amp#27;[39m Running 'C:\Android\sdk\platform-tools\adb.exe -P 5037 -s CB5A2BZKHF shell am start -W -n com.wdiodemoapp/com.wdiodemoapp.MainActivity -S -a android.intent.action.MAIN -c android.intent.category.LAUNCHER -f 0x10200000'
[debug] &amp#27;[35m[WD Proxy]&amp#27;[39m Proxying [GET /appium/device/pixel_ratio] to [GET http://127.0.0.1:8204/wd/hub/session/1ba6c3f2-83d8-4411-bd70-b85c0b3a5be5/appium/device/pixel_ratio] with no body
[debug] &amp#27;[35m[WD Proxy]&amp#27;[39m Got response with status 200: {"sessionId":"1ba6c3f2-83d8-4411-bd70-b85c0b3a5be5","value":2.55}
[debug] &amp#27;[35m[WD Proxy]&amp#27;[39m Matched '/appium/device/system_bars' to command name 'getSystemBars'
[debug] &amp#27;[35m[WD Proxy]&amp#27;[39m Proxying [GET /appium/device/system_bars] to [GET http://127.0.0.1:8204/wd/hub/session/1ba6c3f2-83d8-4411-bd70-b85c0b3a5be5/appium/device/system_bars] with no body
[debug] &amp#27;[35m[WD Proxy]&amp#27;[39m Got response with status 200: {"sessionId":"1ba6c3f2-83d8-4411-bd70-b85c0b3a5be5","value":{"statusBar":61}}
[debug] &amp#27;[35m[WD Proxy]&amp#27;[39m Matched '/window/current/size' to command name 'getWindowSize'
[debug] &amp#27;[35m[WD Proxy]&amp#27;[39m Proxying [GET /window/current/size] to [GET http://127.0.0.1:8204/wd/hub/session/1ba6c3f2-83d8-4411-bd70-b85c0b3a5be5/window/current/size] with no body
[debug] &amp#27;[35m[WD Proxy]&amp#27;[39m Got response with status 200: {"sessionId":"1ba6c3f2-83d8-4411-bd70-b85c0b3a5be5","value":{"height":1798,"width":1080}}
&amp#27;[35m[Appium]&amp#27;[39m New AndroidUiautomator2Driver session created successfully, session 8bc46446-73b9-46f3-8673-a9e1e5431af5 added to master session list
[debug] &amp#27;[35m[BaseDriver]&amp#27;[39m Event 'newSessionStarted' logged at 1638822781151 (03:33:01 GMT+0700 (Indochina Time))
[debug] &amp#27;[35m[W3C (8bc46446)]&amp#27;[39m Cached the protocol value 'W3C' for the new session 8bc46446-73b9-46f3-8673-a9e1e5431af5
[debug] &amp#27;[35m[W3C (8bc46446)]&amp#27;[39m Responding to client with driver.createSession() result: {"capabilities":{"platform":"LINUX","webStorageEnabled":false,"takesScreenshot":true,"javascriptEnabled":true,"databaseEnabled":false,"networkConnectionEnabled":true,"locationContextEnabled":false,"warnings":{},"desired":{"platformName":"android","appActivity":"com.wdiodemoapp.MainActivity","appPackage":"com.wdiodemoapp","automationName":"UiAutomator2","avdLaunchTimeout":120000,"deviceName":"Z5 Prem","newCommandTimeout":120,"udid":"CB5A2BZKHF"},"platformName":"android","appActivity":"com.wdiodemoapp.MainActivity","appPackage":"com.wdiodemoapp","automationName":"UiAutomator2","avdLaunchTimeout":120000,"deviceName":"CB5A2BZKHF","newCommandTimeout":120,"udid":"CB5A2BZKHF","deviceUDID":"CB5A2BZKHF","deviceApiLevel":25,"platformVersion":"7.1.1","deviceScreenSize":"1080x1920","deviceScreenDensity":408,"deviceModel":"E6883","deviceManufacturer":"Sony","pixelRatio":2.55,"statBarHeight":61,"viewportRect":{"left":0,"top":61,"width":1080,"height":1737}}}
&amp#27;[35m[HTTP]&amp#27;[39m &amp#27;[37m<-- POST /wd/hub/session &amp#27;[39m&amp#27;[32m200&amp#27;[39m &amp#27;[90m8831 ms - 1018&amp#27;[39m
&amp#27;[35m[HTTP]&amp#27;[39m &amp#27;[90m&amp#27;[39m
&amp#27;[35m[HTTP]&amp#27;[39m &amp#27;[37m-->&amp#27;[39m &amp#27;[37mPOST&amp#27;[39m &amp#27;[37m/wd/hub/session/8bc46446-73b9-46f3-8673-a9e1e5431af5/timeouts&amp#27;[39m
&amp#27;[35m[HTTP]&amp#27;[39m &amp#27;[90m{"implicit":30000}&amp#27;[39m
[debug] &amp#27;[35m[W3C (8bc46446)]&amp#27;[39m Calling AppiumDriver.timeouts() with args: [null,null,null,null,30000,"8bc46446-73b9-46f3-8673-a9e1e5431af5"]
[debug] &amp#27;[35m[BaseDriver]&amp#27;[39m W3C timeout argument: {"implicit":30000}}
[debug] &amp#27;[35m[BaseDriver]&amp#27;[39m Set implicit wait to 30000ms
[debug] &amp#27;[35m[W3C (8bc46446)]&amp#27;[39m Responding to client with driver.timeouts() result: null
&amp#27;[35m[HTTP]&amp#27;[39m &amp#27;[37m<-- POST /wd/hub/session/8bc46446-73b9-46f3-8673-a9e1e5431af5/timeouts &amp#27;[39m&amp#27;[32m200&amp#27;[39m &amp#27;[90m5 ms - 14&amp#27;[39m
&amp#27;[35m[HTTP]&amp#27;[39m &amp#27;[90m&amp#27;[39m
Session ID: 8bc46446-73b9-46f3-8673-a9e1e5431af5
&amp#27;[35m[HTTP]&amp#27;[39m &amp#27;[37m-->&amp#27;[39m &amp#27;[37mGET&amp#27;[39m &amp#27;[37m/wd/hub/session/8bc46446-73b9-46f3-8673-a9e1e5431af5/context&amp#27;[39m
&amp#27;[35m[HTTP]&amp#27;[39m &amp#27;[90m{}&amp#27;[39m
[debug] &amp#27;[35m[W3C (8bc46446)]&amp#27;[39m Calling AppiumDriver.getCurrentContext() with args: ["8bc46446-73b9-46f3-8673-a9e1e5431af5"]
[debug] &amp#27;[35m[W3C (8bc46446)]&amp#27;[39m Responding to client with driver.getCurrentContext() result: "NATIVE_APP"
&amp#27;[35m[HTTP]&amp#27;[39m &amp#27;[37m<-- GET /wd/hub/session/8bc46446-73b9-46f3-8673-a9e1e5431af5/context &amp#27;[39m&amp#27;[32m200&amp#27;[39m &amp#27;[90m5 ms - 22&amp#27;[39m
&amp#27;[35m[HTTP]&amp#27;[39m &amp#27;[90m&amp#27;[39m
&amp#27;[35m[HTTP]&amp#27;[39m &amp#27;[37m-->&amp#27;[39m &amp#27;[37mPOST&amp#27;[39m &amp#27;[37m/wd/hub/session/8bc46446-73b9-46f3-8673-a9e1e5431af5/element&amp#27;[39m
&amp#27;[35m[HTTP]&amp#27;[39m &amp#27;[90m{"using":"accessibility id","value":"Login"}&amp#27;[39m
[debug] &amp#27;[35m[W3C (8bc46446)]&amp#27;[39m Calling AppiumDriver.findElement() with args: ["accessibility id","Login","8bc46446-73b9-46f3-8673-a9e1e5431af5"]
[debug] &amp#27;[35m[BaseDriver]&amp#27;[39m Valid locator strategies for this request: xpath, id, class name, accessibility id, css selector, -android uiautomator
[debug] &amp#27;[35m[BaseDriver]&amp#27;[39m Waiting up to 30000 ms for condition
[debug] &amp#27;[35m[WD Proxy]&amp#27;[39m Matched '/element' to command name 'findElement'
[debug] &amp#27;[35m[WD Proxy]&amp#27;[39m Proxying [POST /element] to [POST http://127.0.0.1:8204/wd/hub/session/1ba6c3f2-83d8-4411-bd70-b85c0b3a5be5/element] with body: {"strategy":"accessibility id","selector":"Login","context":"","multiple":false}
[debug] &amp#27;[35m[WD Proxy]&amp#27;[39m Got response with status 200: {"sessionId":"1ba6c3f2-83d8-4411-bd70-b85c0b3a5be5","value":{"ELEMENT":"00000000-0000-0136-7fff-ffff00000013","element-6066-11e4-a52e-4f735466cecf":"00000000-0000-0136-7fff-ffff00000013"}}
[debug] &amp#27;[35m[W3C (8bc46446)]&amp#27;[39m Responding to client with driver.findElement() result: {"element-6066-11e4-a52e-4f735466cecf":"00000000-0000-0136-7fff-ffff00000013","ELEMENT":"00000000-0000-0136-7fff-ffff00000013"}
&amp#27;[35m[HTTP]&amp#27;[39m &amp#27;[37m<-- POST /wd/hub/session/8bc46446-73b9-46f3-8673-a9e1e5431af5/element &amp#27;[39m&amp#27;[32m200&amp#27;[39m &amp#27;[90m872 ms - 137&amp#27;[39m
&amp#27;[35m[HTTP]&amp#27;[39m &amp#27;[90m&amp#27;[39m
&amp#27;[35m[HTTP]&amp#27;[39m &amp#27;[37m-->&amp#27;[39m &amp#27;[37mGET&amp#27;[39m &amp#27;[37m/wd/hub/session/8bc46446-73b9-46f3-8673-a9e1e5431af5/element/00000000-0000-0136-7fff-ffff00000013/displayed&amp#27;[39m
&amp#27;[35m[HTTP]&amp#27;[39m &amp#27;[90m{}&amp#27;[39m
[debug] &amp#27;[35m[W3C (8bc46446)]&amp#27;[39m Calling AppiumDriver.elementDisplayed() with args: ["00000000-0000-0136-7fff-ffff00000013","8bc46446-73b9-46f3-8673-a9e1e5431af5"]
[debug] &amp#27;[35m[WD Proxy]&amp#27;[39m Matched '/element/00000000-0000-0136-7fff-ffff00000013/attribute/displayed' to command name 'getAttribute'
[debug] &amp#27;[35m[WD Proxy]&amp#27;[39m Proxying [GET /element/00000000-0000-0136-7fff-ffff00000013/attribute/displayed] to [GET http://127.0.0.1:8204/wd/hub/session/1ba6c3f2-83d8-4411-bd70-b85c0b3a5be5/element/00000000-0000-0136-7fff-ffff00000013/attribute/displayed] with no body
[debug] &amp#27;[35m[WD Proxy]&amp#27;[39m Got response with status 200: {"sessionId":"1ba6c3f2-83d8-4411-bd70-b85c0b3a5be5","value":"true"}
[debug] &amp#27;[35m[W3C (8bc46446)]&amp#27;[39m Responding to client with driver.elementDisplayed() result: true
&amp#27;[35m[HTTP]&amp#27;[39m &amp#27;[37m<-- GET /wd/hub/session/8bc46446-73b9-46f3-8673-a9e1e5431af5/element/00000000-0000-0136-7fff-ffff00000013/displayed &amp#27;[39m&amp#27;[32m200&amp#27;[39m &amp#27;[90m25 ms - 14&amp#27;[39m
&amp#27;[35m[HTTP]&amp#27;[39m &amp#27;[90m&amp#27;[39m
&amp#27;[35m[HTTP]&amp#27;[39m &amp#27;[37m-->&amp#27;[39m &amp#27;[37mGET&amp#27;[39m &amp#27;[37m/wd/hub/session/8bc46446-73b9-46f3-8673-a9e1e5431af5/context&amp#27;[39m
&amp#27;[35m[HTTP]&amp#27;[39m &amp#27;[90m{}&amp#27;[39m
[debug] &amp#27;[35m[W3C (8bc46446)]&amp#27;[39m Calling AppiumDriver.getCurrentContext() with args: ["8bc46446-73b9-46f3-8673-a9e1e5431af5"]
[debug] &amp#27;[35m[W3C (8bc46446)]&amp#27;[39m Responding to client with driver.getCurrentContext() result: "NATIVE_APP"
&amp#27;[35m[HTTP]&amp#27;[39m &amp#27;[37m<-- GET /wd/hub/session/8bc46446-73b9-46f3-8673-a9e1e5431af5/context &amp#27;[39m&amp#27;[32m200&amp#27;[39m &amp#27;[90m2 ms - 22&amp#27;[39m
&amp#27;[35m[HTTP]&amp#27;[39m &amp#27;[90m&amp#27;[39m
&amp#27;[35m[HTTP]&amp#27;[39m &amp#27;[37m-->&amp#27;[39m &amp#27;[37mPOST&amp#27;[39m &amp#27;[37m/wd/hub/session/8bc46446-73b9-46f3-8673-a9e1e5431af5/element&amp#27;[39m
&amp#27;[35m[HTTP]&amp#27;[39m &amp#27;[90m{"using":"accessibility id","value":"Login"}&amp#27;[39m
[debug] &amp#27;[35m[W3C (8bc46446)]&amp#27;[39m Calling AppiumDriver.findElement() with args: ["accessibility id","Login","8bc46446-73b9-46f3-8673-a9e1e5431af5"]
[debug] &amp#27;[35m[BaseDriver]&amp#27;[39m Valid locator strategies for this request: xpath, id, class name, accessibility id, css selector, -android uiautomator
[debug] &amp#27;[35m[BaseDriver]&amp#27;[39m Waiting up to 30000 ms for condition
[debug] &amp#27;[35m[WD Proxy]&amp#27;[39m Matched '/element' to command name 'findElement'
[debug] &amp#27;[35m[WD Proxy]&amp#27;[39m Proxying [POST /element] to [POST http://127.0.0.1:8204/wd/hub/session/1ba6c3f2-83d8-4411-bd70-b85c0b3a5be5/element] with body: {"strategy":"accessibility id","selector":"Login","context":"","multiple":false}
[debug] &amp#27;[35m[WD Proxy]&amp#27;[39m Got response with status 200: {"sessionId":"1ba6c3f2-83d8-4411-bd70-b85c0b3a5be5","value":{"ELEMENT":"00000000-0000-0136-7fff-ffff00000013","element-6066-11e4-a52e-4f735466cecf":"00000000-0000-0136-7fff-ffff00000013"}}
[debug] &amp#27;[35m[W3C (8bc46446)]&amp#27;[39m Responding to client with driver.findElement() result: {"element-6066-11e4-a52e-4f735466cecf":"00000000-0000-0136-7fff-ffff00000013","ELEMENT":"00000000-0000-0136-7fff-ffff00000013"}
&amp#27;[35m[HTTP]&amp#27;[39m &amp#27;[37m<-- POST /wd/hub/session/8bc46446-73b9-46f3-8673-a9e1e5431af5/element &amp#27;[39m&amp#27;[32m200&amp#27;[39m &amp#27;[90m69 ms - 137&amp#27;[39m
&amp#27;[35m[HTTP]&amp#27;[39m &amp#27;[90m&amp#27;[39m
&amp#27;[35m[HTTP]&amp#27;[39m &amp#27;[37m-->&amp#27;[39m &amp#27;[37mPOST&amp#27;[39m &amp#27;[37m/wd/hub/session/8bc46446-73b9-46f3-8673-a9e1e5431af5/element/00000000-0000-0136-7fff-ffff00000013/click&amp#27;[39m
&amp#27;[35m[HTTP]&amp#27;[39m &amp#27;[90m{"id":"00000000-0000-0136-7fff-ffff00000013"}&amp#27;[39m
[debug] &amp#27;[35m[W3C (8bc46446)]&amp#27;[39m Calling AppiumDriver.click() with args: ["00000000-0000-0136-7fff-ffff00000013","8bc46446-73b9-46f3-8673-a9e1e5431af5"]
[debug] &amp#27;[35m[WD Proxy]&amp#27;[39m Matched '/element/00000000-0000-0136-7fff-ffff00000013/click' to command name 'click'
[debug] &amp#27;[35m[WD Proxy]&amp#27;[39m Proxying [POST /element/00000000-0000-0136-7fff-ffff00000013/click] to [POST http://127.0.0.1:8204/wd/hub/session/1ba6c3f2-83d8-4411-bd70-b85c0b3a5be5/element/00000000-0000-0136-7fff-ffff00000013/click] with body: {"element":"00000000-0000-0136-7fff-ffff00000013"}
[debug] &amp#27;[35m[WD Proxy]&amp#27;[39m Got response with status 200: {"sessionId":"1ba6c3f2-83d8-4411-bd70-b85c0b3a5be5","value":null}
[debug] &amp#27;[35m[W3C (8bc46446)]&amp#27;[39m Responding to client with driver.click() result: null
&amp#27;[35m[HTTP]&amp#27;[39m &amp#27;[37m<-- POST /wd/hub/session/8bc46446-73b9-46f3-8673-a9e1e5431af5/element/00000000-0000-0136-7fff-ffff00000013/click &amp#27;[39m&amp#27;[32m200&amp#27;[39m &amp#27;[90m50 ms - 14&amp#27;[39m
&amp#27;[35m[HTTP]&amp#27;[39m &amp#27;[90m&amp#27;[39m
&amp#27;[35m[HTTP]&amp#27;[39m &amp#27;[37m-->&amp#27;[39m &amp#27;[37mGET&amp#27;[39m &amp#27;[37m/wd/hub/session/8bc46446-73b9-46f3-8673-a9e1e5431af5/context&amp#27;[39m
&amp#27;[35m[HTTP]&amp#27;[39m &amp#27;[90m{}&amp#27;[39m
[debug] &amp#27;[35m[W3C (8bc46446)]&amp#27;[39m Calling AppiumDriver.getCurrentContext() with args: ["8bc46446-73b9-46f3-8673-a9e1e5431af5"]
[debug] &amp#27;[35m[W3C (8bc46446)]&amp#27;[39m Responding to client with driver.getCurrentContext() result: "NATIVE_APP"
&amp#27;[35m[HTTP]&amp#27;[39m &amp#27;[37m<-- GET /wd/hub/session/8bc46446-73b9-46f3-8673-a9e1e5431af5/context &amp#27;[39m&amp#27;[32m200&amp#27;[39m &amp#27;[90m1 ms - 22&amp#27;[39m
&amp#27;[35m[HTTP]&amp#27;[39m &amp#27;[90m&amp#27;[39m
&amp#27;[35m[HTTP]&amp#27;[39m &amp#27;[37m-->&amp#27;[39m &amp#27;[37mPOST&amp#27;[39m &amp#27;[37m/wd/hub/session/8bc46446-73b9-46f3-8673-a9e1e5431af5/element&amp#27;[39m
&amp#27;[35m[HTTP]&amp#27;[39m &amp#27;[90m{"using":"accessibility id","value":"input-email"}&amp#27;[39m
[debug] &amp#27;[35m[W3C (8bc46446)]&amp#27;[39m Calling AppiumDriver.findElement() with args: ["accessibility id","input-email","8bc46446-73b9-46f3-8673-a9e1e5431af5"]
[debug] &amp#27;[35m[BaseDriver]&amp#27;[39m Valid locator strategies for this request: xpath, id, class name, accessibility id, css selector, -android uiautomator
[debug] &amp#27;[35m[BaseDriver]&amp#27;[39m Waiting up to 30000 ms for condition
[debug] &amp#27;[35m[WD Proxy]&amp#27;[39m Matched '/element' to command name 'findElement'
[debug] &amp#27;[35m[WD Proxy]&amp#27;[39m Proxying [POST /element] to [POST http://127.0.0.1:8204/wd/hub/session/1ba6c3f2-83d8-4411-bd70-b85c0b3a5be5/element] with body: {"strategy":"accessibility id","selector":"input-email","context":"","multiple":false}
&amp#27;[35m[WD Proxy]&amp#27;[39m Got response with status 404: {"sessionId":"1ba6c3f2-83d8-4411-bd70-b85c0b3a5be5","value":{"error":"no such element","message":"An element could not be located on the page using the given search parameters","stacktrace":"io.appium.uiautomator2.common.exceptions.ElementNotFoundException: An element could not be located on the page using the given search parameters\n\tat io.appium.uiautomator2.handler.FindElement.safeHandle(FindElement.java:70)\n\tat io.appium.uiautomator2.handler.request.SafeRequestHandler.handle(SafeRequestHandler.java:59)\n\tat io.appium.uiautomator2.server.AppiumServlet.handleRequest(AppiumServlet.java:264)\n\tat io.appium.uiautomator2.server.AppiumServlet.handleHttpRequest(AppiumServlet.java:258)\n\tat io.appium.uiautomator2.http.ServerHandler.channelRead(ServerHandler.java:68)\n\tat io.netty.channel.AbstractChannelHandlerContext.invokeChannelRead(AbstractChannelHandlerContext.java:366)\n\tat io.netty.channel.AbstractChannelHandlerContext.invokeChannelRead(AbstractChannelHandlerContext.java:352)\n\tat io.netty.chann...
[debug] &amp#27;[35m[W3C]&amp#27;[39m Matched W3C error code 'no such element' to NoSuchElementError
[debug] &amp#27;[35m[BaseDriver]&amp#27;[39m Waited for 69 ms so far
[debug] &amp#27;[35m[WD Proxy]&amp#27;[39m Matched '/element' to command name 'findElement'
[debug] &amp#27;[35m[WD Proxy]&amp#27;[39m Proxying [POST /element] to [POST http://127.0.0.1:8204/wd/hub/session/1ba6c3f2-83d8-4411-bd70-b85c0b3a5be5/element] with body: {"strategy":"accessibility id","selector":"input-email","context":"","multiple":false}
[debug] &amp#27;[35m[WD Proxy]&amp#27;[39m Got response with status 200: {"sessionId":"1ba6c3f2-83d8-4411-bd70-b85c0b3a5be5","value":{"ELEMENT":"00000000-0000-0136-7fff-ffff0000003c","element-6066-11e4-a52e-4f735466cecf":"00000000-0000-0136-7fff-ffff0000003c"}}
[debug] &amp#27;[35m[W3C (8bc46446)]&amp#27;[39m Responding to client with driver.findElement() result: {"element-6066-11e4-a52e-4f735466cecf":"00000000-0000-0136-7fff-ffff0000003c","ELEMENT":"00000000-0000-0136-7fff-ffff0000003c"}
&amp#27;[35m[HTTP]&amp#27;[39m &amp#27;[37m<-- POST /wd/hub/session/8bc46446-73b9-46f3-8673-a9e1e5431af5/element &amp#27;[39m&amp#27;[32m200&amp#27;[39m &amp#27;[90m896 ms - 137&amp#27;[39m
&amp#27;[35m[HTTP]&amp#27;[39m &amp#27;[90m&amp#27;[39m
&amp#27;[35m[HTTP]&amp#27;[39m &amp#27;[37m-->&amp#27;[39m &amp#27;[37mGET&amp#27;[39m &amp#27;[37m/wd/hub/session/8bc46446-73b9-46f3-8673-a9e1e5431af5/element/00000000-0000-0136-7fff-ffff0000003c/displayed&amp#27;[39m
&amp#27;[35m[HTTP]&amp#27;[39m &amp#27;[90m{}&amp#27;[39m
[debug] &amp#27;[35m[W3C (8bc46446)]&amp#27;[39m Calling AppiumDriver.elementDisplayed() with args: ["00000000-0000-0136-7fff-ffff0000003c","8bc46446-73b9-46f3-8673-a9e1e5431af5"]
[debug] &amp#27;[35m[WD Proxy]&amp#27;[39m Matched '/element/00000000-0000-0136-7fff-ffff0000003c/attribute/displayed' to command name 'getAttribute'
[debug] &amp#27;[35m[WD Proxy]&amp#27;[39m Proxying [GET /element/00000000-0000-0136-7fff-ffff0000003c/attribute/displayed] to [GET http://127.0.0.1:8204/wd/hub/session/1ba6c3f2-83d8-4411-bd70-b85c0b3a5be5/element/00000000-0000-0136-7fff-ffff0000003c/attribute/displayed] with no body
[debug] &amp#27;[35m[WD Proxy]&amp#27;[39m Got response with status 200: {"sessionId":"1ba6c3f2-83d8-4411-bd70-b85c0b3a5be5","value":"true"}
[debug] &amp#27;[35m[W3C (8bc46446)]&amp#27;[39m Responding to client with driver.elementDisplayed() result: true
&amp#27;[35m[HTTP]&amp#27;[39m &amp#27;[37m<-- GET /wd/hub/session/8bc46446-73b9-46f3-8673-a9e1e5431af5/element/00000000-0000-0136-7fff-ffff0000003c/displayed &amp#27;[39m&amp#27;[32m200&amp#27;[39m &amp#27;[90m18 ms - 14&amp#27;[39m
&amp#27;[35m[HTTP]&amp#27;[39m &amp#27;[90m&amp#27;[39m
&amp#27;[35m[HTTP]&amp#27;[39m &amp#27;[37m-->&amp#27;[39m &amp#27;[37mGET&amp#27;[39m &amp#27;[37m/wd/hub/session/8bc46446-73b9-46f3-8673-a9e1e5431af5/context&amp#27;[39m
&amp#27;[35m[HTTP]&amp#27;[39m &amp#27;[90m{}&amp#27;[39m
[debug] &amp#27;[35m[W3C (8bc46446)]&amp#27;[39m Calling AppiumDriver.getCurrentContext() with args: ["8bc46446-73b9-46f3-8673-a9e1e5431af5"]
[debug] &amp#27;[35m[W3C (8bc46446)]&amp#27;[39m Responding to client with driver.getCurrentContext() result: "NATIVE_APP"
&amp#27;[35m[HTTP]&amp#27;[39m &amp#27;[37m<-- GET /wd/hub/session/8bc46446-73b9-46f3-8673-a9e1e5431af5/context &amp#27;[39m&amp#27;[32m200&amp#27;[39m &amp#27;[90m1 ms - 22&amp#27;[39m
&amp#27;[35m[HTTP]&amp#27;[39m &amp#27;[90m&amp#27;[39m
&amp#27;[35m[HTTP]&amp#27;[39m &amp#27;[37m-->&amp#27;[39m &amp#27;[37mPOST&amp#27;[39m &amp#27;[37m/wd/hub/session/8bc46446-73b9-46f3-8673-a9e1e5431af5/element&amp#27;[39m
&amp#27;[35m[HTTP]&amp#27;[39m &amp#27;[90m{"using":"accessibility id","value":"input-email"}&amp#27;[39m
[debug] &amp#27;[35m[W3C (8bc46446)]&amp#27;[39m Calling AppiumDriver.findElement() with args: ["accessibility id","input-email","8bc46446-73b9-46f3-8673-a9e1e5431af5"]
[debug] &amp#27;[35m[BaseDriver]&amp#27;[39m Valid locator strategies for this request: xpath, id, class name, accessibility id, css selector, -android uiautomator
[debug] &amp#27;[35m[BaseDriver]&amp#27;[39m Waiting up to 30000 ms for condition
[debug] &amp#27;[35m[WD Proxy]&amp#27;[39m Matched '/element' to command name 'findElement'
[debug] &amp#27;[35m[WD Proxy]&amp#27;[39m Proxying [POST /element] to [POST http://127.0.0.1:8204/wd/hub/session/1ba6c3f2-83d8-4411-bd70-b85c0b3a5be5/element] with body: {"strategy":"accessibility id","selector":"input-email","context":"","multiple":false}
[debug] &amp#27;[35m[WD Proxy]&amp#27;[39m Got response with status 200: {"sessionId":"1ba6c3f2-83d8-4411-bd70-b85c0b3a5be5","value":{"ELEMENT":"00000000-0000-0136-7fff-ffff0000003c","element-6066-11e4-a52e-4f735466cecf":"00000000-0000-0136-7fff-ffff0000003c"}}
[debug] &amp#27;[35m[W3C (8bc46446)]&amp#27;[39m Responding to client with driver.findElement() result: {"element-6066-11e4-a52e-4f735466cecf":"00000000-0000-0136-7fff-ffff0000003c","ELEMENT":"00000000-0000-0136-7fff-ffff0000003c"}
&amp#27;[35m[HTTP]&amp#27;[39m &amp#27;[37m<-- POST /wd/hub/session/8bc46446-73b9-46f3-8673-a9e1e5431af5/element &amp#27;[39m&amp#27;[32m200&amp#27;[39m &amp#27;[90m58 ms - 137&amp#27;[39m
&amp#27;[35m[HTTP]&amp#27;[39m &amp#27;[90m&amp#27;[39m
&amp#27;[35m[HTTP]&amp#27;[39m &amp#27;[37m-->&amp#27;[39m &amp#27;[37mPOST&amp#27;[39m &amp#27;[37m/wd/hub/session/8bc46446-73b9-46f3-8673-a9e1e5431af5/element/00000000-0000-0136-7fff-ffff0000003c/clear&amp#27;[39m
&amp#27;[35m[HTTP]&amp#27;[39m &amp#27;[90m{"id":"00000000-0000-0136-7fff-ffff0000003c"}&amp#27;[39m
[debug] &amp#27;[35m[W3C (8bc46446)]&amp#27;[39m Calling AppiumDriver.clear() with args: ["00000000-0000-0136-7fff-ffff0000003c","8bc46446-73b9-46f3-8673-a9e1e5431af5"]
[debug] &amp#27;[35m[WD Proxy]&amp#27;[39m Matched '/element/00000000-0000-0136-7fff-ffff0000003c/clear' to command name 'clear'
[debug] &amp#27;[35m[WD Proxy]&amp#27;[39m Proxying [POST /element/00000000-0000-0136-7fff-ffff0000003c/clear] to [POST http://127.0.0.1:8204/wd/hub/session/1ba6c3f2-83d8-4411-bd70-b85c0b3a5be5/element/00000000-0000-0136-7fff-ffff0000003c/clear] with body: {"elementId":"00000000-0000-0136-7fff-ffff0000003c"}
[debug] &amp#27;[35m[WD Proxy]&amp#27;[39m Got response with status 200: {"sessionId":"1ba6c3f2-83d8-4411-bd70-b85c0b3a5be5","value":null}
[debug] &amp#27;[35m[W3C (8bc46446)]&amp#27;[39m Responding to client with driver.clear() result: null
&amp#27;[35m[HTTP]&amp#27;[39m &amp#27;[37m<-- POST /wd/hub/session/8bc46446-73b9-46f3-8673-a9e1e5431af5/element/00000000-0000-0136-7fff-ffff0000003c/clear &amp#27;[39m&amp#27;[32m200&amp#27;[39m &amp#27;[90m34 ms - 14&amp#27;[39m
&amp#27;[35m[HTTP]&amp#27;[39m &amp#27;[90m&amp#27;[39m
&amp#27;[35m[HTTP]&amp#27;[39m &amp#27;[37m-->&amp#27;[39m &amp#27;[37mGET&amp#27;[39m &amp#27;[37m/wd/hub/session/8bc46446-73b9-46f3-8673-a9e1e5431af5/context&amp#27;[39m
&amp#27;[35m[HTTP]&amp#27;[39m &amp#27;[90m{}&amp#27;[39m
[debug] &amp#27;[35m[W3C (8bc46446)]&amp#27;[39m Calling AppiumDriver.getCurrentContext() with args: ["8bc46446-73b9-46f3-8673-a9e1e5431af5"]
[debug] &amp#27;[35m[W3C (8bc46446)]&amp#27;[39m Responding to client with driver.getCurrentContext() result: "NATIVE_APP"
&amp#27;[35m[HTTP]&amp#27;[39m &amp#27;[37m<-- GET /wd/hub/session/8bc46446-73b9-46f3-8673-a9e1e5431af5/context &amp#27;[39m&amp#27;[32m200&amp#27;[39m &amp#27;[90m1 ms - 22&amp#27;[39m
&amp#27;[35m[HTTP]&amp#27;[39m &amp#27;[90m&amp#27;[39m
&amp#27;[35m[HTTP]&amp#27;[39m &amp#27;[37m-->&amp#27;[39m &amp#27;[37mPOST&amp#27;[39m &amp#27;[37m/wd/hub/session/8bc46446-73b9-46f3-8673-a9e1e5431af5/element&amp#27;[39m
&amp#27;[35m[HTTP]&amp#27;[39m &amp#27;[90m{"using":"accessibility id","value":"input-email"}&amp#27;[39m
[debug] &amp#27;[35m[W3C (8bc46446)]&amp#27;[39m Calling AppiumDriver.findElement() with args: ["accessibility id","input-email","8bc46446-73b9-46f3-8673-a9e1e5431af5"]
[debug] &amp#27;[35m[BaseDriver]&amp#27;[39m Valid locator strategies for this request: xpath, id, class name, accessibility id, css selector, -android uiautomator
[debug] &amp#27;[35m[BaseDriver]&amp#27;[39m Waiting up to 30000 ms for condition
[debug] &amp#27;[35m[WD Proxy]&amp#27;[39m Matched '/element' to command name 'findElement'
[debug] &amp#27;[35m[WD Proxy]&amp#27;[39m Proxying [POST /element] to [POST http://127.0.0.1:8204/wd/hub/session/1ba6c3f2-83d8-4411-bd70-b85c0b3a5be5/element] with body: {"strategy":"accessibility id","selector":"input-email","context":"","multiple":false}
[debug] &amp#27;[35m[WD Proxy]&amp#27;[39m Got response with status 200: {"sessionId":"1ba6c3f2-83d8-4411-bd70-b85c0b3a5be5","value":{"ELEMENT":"00000000-0000-0136-7fff-ffff0000003c","element-6066-11e4-a52e-4f735466cecf":"00000000-0000-0136-7fff-ffff0000003c"}}
[debug] &amp#27;[35m[W3C (8bc46446)]&amp#27;[39m Responding to client with driver.findElement() result: {"element-6066-11e4-a52e-4f735466cecf":"00000000-0000-0136-7fff-ffff0000003c","ELEMENT":"00000000-0000-0136-7fff-ffff0000003c"}
&amp#27;[35m[HTTP]&amp#27;[39m &amp#27;[37m<-- POST /wd/hub/session/8bc46446-73b9-46f3-8673-a9e1e5431af5/element &amp#27;[39m&amp#27;[32m200&amp#27;[39m &amp#27;[90m669 ms - 137&amp#27;[39m
&amp#27;[35m[HTTP]&amp#27;[39m &amp#27;[90m&amp#27;[39m
&amp#27;[35m[HTTP]&amp#27;[39m &amp#27;[37m-->&amp#27;[39m &amp#27;[37mGET&amp#27;[39m &amp#27;[37m/wd/hub/session/8bc46446-73b9-46f3-8673-a9e1e5431af5/element/00000000-0000-0136-7fff-ffff0000003c/displayed&amp#27;[39m
&amp#27;[35m[HTTP]&amp#27;[39m &amp#27;[90m{}&amp#27;[39m
[debug] &amp#27;[35m[W3C (8bc46446)]&amp#27;[39m Calling AppiumDriver.elementDisplayed() with args: ["00000000-0000-0136-7fff-ffff0000003c","8bc46446-73b9-46f3-8673-a9e1e5431af5"]
[debug] &amp#27;[35m[WD Proxy]&amp#27;[39m Matched '/element/00000000-0000-0136-7fff-ffff0000003c/attribute/displayed' to command name 'getAttribute'
[debug] &amp#27;[35m[WD Proxy]&amp#27;[39m Proxying [GET /element/00000000-0000-0136-7fff-ffff0000003c/attribute/displayed] to [GET http://127.0.0.1:8204/wd/hub/session/1ba6c3f2-83d8-4411-bd70-b85c0b3a5be5/element/00000000-0000-0136-7fff-ffff0000003c/attribute/displayed] with no body
[debug] &amp#27;[35m[WD Proxy]&amp#27;[39m Got response with status 200: {"sessionId":"1ba6c3f2-83d8-4411-bd70-b85c0b3a5be5","value":"true"}
[debug] &amp#27;[35m[W3C (8bc46446)]&amp#27;[39m Responding to client with driver.elementDisplayed() result: true
&amp#27;[35m[HTTP]&amp#27;[39m &amp#27;[37m<-- GET /wd/hub/session/8bc46446-73b9-46f3-8673-a9e1e5431af5/element/00000000-0000-0136-7fff-ffff0000003c/displayed &amp#27;[39m&amp#27;[32m200&amp#27;[39m &amp#27;[90m22 ms - 14&amp#27;[39m
&amp#27;[35m[HTTP]&amp#27;[39m &amp#27;[90m&amp#27;[39m
&amp#27;[35m[HTTP]&amp#27;[39m &amp#27;[37m-->&amp#27;[39m &amp#27;[37mGET&amp#27;[39m &amp#27;[37m/wd/hub/session/8bc46446-73b9-46f3-8673-a9e1e5431af5/context&amp#27;[39m
&amp#27;[35m[HTTP]&amp#27;[39m &amp#27;[90m{}&amp#27;[39m
[debug] &amp#27;[35m[W3C (8bc46446)]&amp#27;[39m Calling AppiumDriver.getCurrentContext() with args: ["8bc46446-73b9-46f3-8673-a9e1e5431af5"]
[debug] &amp#27;[35m[W3C (8bc46446)]&amp#27;[39m Responding to client with driver.getCurrentContext() result: "NATIVE_APP"
&amp#27;[35m[HTTP]&amp#27;[39m &amp#27;[37m<-- GET /wd/hub/session/8bc46446-73b9-46f3-8673-a9e1e5431af5/context &amp#27;[39m&amp#27;[32m200&amp#27;[39m &amp#27;[90m1 ms - 22&amp#27;[39m
&amp#27;[35m[HTTP]&amp#27;[39m &amp#27;[90m&amp#27;[39m
&amp#27;[35m[HTTP]&amp#27;[39m &amp#27;[37m-->&amp#27;[39m &amp#27;[37mPOST&amp#27;[39m &amp#27;[37m/wd/hub/session/8bc46446-73b9-46f3-8673-a9e1e5431af5/element&amp#27;[39m
&amp#27;[35m[HTTP]&amp#27;[39m &amp#27;[90m{"using":"accessibility id","value":"input-email"}&amp#27;[39m
[debug] &amp#27;[35m[W3C (8bc46446)]&amp#27;[39m Calling AppiumDriver.findElement() with args: ["accessibility id","input-email","8bc46446-73b9-46f3-8673-a9e1e5431af5"]
[debug] &amp#27;[35m[BaseDriver]&amp#27;[39m Valid locator strategies for this request: xpath, id, class name, accessibility id, css selector, -android uiautomator
[debug] &amp#27;[35m[BaseDriver]&amp#27;[39m Waiting up to 30000 ms for condition
[debug] &amp#27;[35m[WD Proxy]&amp#27;[39m Matched '/element' to command name 'findElement'
[debug] &amp#27;[35m[WD Proxy]&amp#27;[39m Proxying [POST /element] to [POST http://127.0.0.1:8204/wd/hub/session/1ba6c3f2-83d8-4411-bd70-b85c0b3a5be5/element] with body: {"strategy":"accessibility id","selector":"input-email","context":"","multiple":false}
[debug] &amp#27;[35m[WD Proxy]&amp#27;[39m Got response with status 200: {"sessionId":"1ba6c3f2-83d8-4411-bd70-b85c0b3a5be5","value":{"ELEMENT":"00000000-0000-0136-7fff-ffff0000003c","element-6066-11e4-a52e-4f735466cecf":"00000000-0000-0136-7fff-ffff0000003c"}}
[debug] &amp#27;[35m[W3C (8bc46446)]&amp#27;[39m Responding to client with driver.findElement() result: {"element-6066-11e4-a52e-4f735466cecf":"00000000-0000-0136-7fff-ffff0000003c","ELEMENT":"00000000-0000-0136-7fff-ffff0000003c"}
&amp#27;[35m[HTTP]&amp#27;[39m &amp#27;[37m<-- POST /wd/hub/session/8bc46446-73b9-46f3-8673-a9e1e5431af5/element &amp#27;[39m&amp#27;[32m200&amp#27;[39m &amp#27;[90m83 ms - 137&amp#27;[39m
&amp#27;[35m[HTTP]&amp#27;[39m &amp#27;[90m&amp#27;[39m
&amp#27;[35m[HTTP]&amp#27;[39m &amp#27;[37m-->&amp#27;[39m &amp#27;[37mPOST&amp#27;[39m &amp#27;[37m/wd/hub/session/8bc46446-73b9-46f3-8673-a9e1e5431af5/element/00000000-0000-0136-7fff-ffff0000003c/value&amp#27;[39m
&amp#27;[35m[HTTP]&amp#27;[39m &amp#27;[90m{"id":"00000000-0000-0136-7fff-ffff0000003c","text":"Tunghuynh@gmail.com","value":["T","u","n","g","h","u","y","n","h","@","g","m","a","i","l",".","c","o","m"]}&amp#27;[39m
[debug] &amp#27;[35m[W3C (8bc46446)]&amp#27;[39m Calling AppiumDriver.setValue() with args: [["T","u","n","g","h","u","y","n","h","@","g","m","a","i","l",".","c","o","m"],"00000000-0000-0136-7fff-ffff0000003c","8bc46446-73b9-46f3-8673-a9e1e5431af5"]
[debug] &amp#27;[35m[WD Proxy]&amp#27;[39m Matched '/element/00000000-0000-0136-7fff-ffff0000003c/value' to command name 'setValue'
[debug] &amp#27;[35m[Protocol Converter]&amp#27;[39m Added 'value' property ["T","u","n","g","h","u","y","n","h","@","g","m","a","i","l",".","c","o","m"] to 'setValue' request body
[debug] &amp#27;[35m[WD Proxy]&amp#27;[39m Proxying [POST /element/00000000-0000-0136-7fff-ffff0000003c/value] to [POST http://127.0.0.1:8204/wd/hub/session/1ba6c3f2-83d8-4411-bd70-b85c0b3a5be5/element/00000000-0000-0136-7fff-ffff0000003c/value] with body: {"elementId":"00000000-0000-0136-7fff-ffff0000003c","text":"Tunghuynh@gmail.com","replace":false,"value":["T","u","n","g","h","u","y","n","h","@","g","m","a","i","l",".","c","o","m"]}
[debug] &amp#27;[35m[WD Proxy]&amp#27;[39m Got response with status 200: {"sessionId":"1ba6c3f2-83d8-4411-bd70-b85c0b3a5be5","value":null}
[debug] &amp#27;[35m[W3C (8bc46446)]&amp#27;[39m Responding to client with driver.setValue() result: null
&amp#27;[35m[HTTP]&amp#27;[39m &amp#27;[37m<-- POST /wd/hub/session/8bc46446-73b9-46f3-8673-a9e1e5431af5/element/00000000-0000-0136-7fff-ffff0000003c/value &amp#27;[39m&amp#27;[32m200&amp#27;[39m &amp#27;[90m657 ms - 14&amp#27;[39m
&amp#27;[35m[HTTP]&amp#27;[39m &amp#27;[90m&amp#27;[39m
&amp#27;[35m[HTTP]&amp#27;[39m &amp#27;[37m-->&amp#27;[39m &amp#27;[37mGET&amp#27;[39m &amp#27;[37m/wd/hub/session/8bc46446-73b9-46f3-8673-a9e1e5431af5/context&amp#27;[39m
&amp#27;[35m[HTTP]&amp#27;[39m &amp#27;[90m{}&amp#27;[39m
[debug] &amp#27;[35m[W3C (8bc46446)]&amp#27;[39m Calling AppiumDriver.getCurrentContext() with args: ["8bc46446-73b9-46f3-8673-a9e1e5431af5"]
[debug] &amp#27;[35m[W3C (8bc46446)]&amp#27;[39m Responding to client with driver.getCurrentContext() result: "NATIVE_APP"
&amp#27;[35m[HTTP]&amp#27;[39m &amp#27;[37m<-- GET /wd/hub/session/8bc46446-73b9-46f3-8673-a9e1e5431af5/context &amp#27;[39m&amp#27;[32m200&amp#27;[39m &amp#27;[90m1 ms - 22&amp#27;[39m
&amp#27;[35m[HTTP]&amp#27;[39m &amp#27;[90m&amp#27;[39m
&amp#27;[35m[HTTP]&amp#27;[39m &amp#27;[37m-->&amp#27;[39m &amp#27;[37mPOST&amp#27;[39m &amp#27;[37m/wd/hub/session/8bc46446-73b9-46f3-8673-a9e1e5431af5/element&amp#27;[39m
&amp#27;[35m[HTTP]&amp#27;[39m &amp#27;[90m{"using":"accessibility id","value":"input-password"}&amp#27;[39m
[debug] &amp#27;[35m[W3C (8bc46446)]&amp#27;[39m Calling AppiumDriver.findElement() with args: ["accessibility id","input-password","8bc46446-73b9-46f3-8673-a9e1e5431af5"]
[debug] &amp#27;[35m[BaseDriver]&amp#27;[39m Valid locator strategies for this request: xpath, id, class name, accessibility id, css selector, -android uiautomator
[debug] &amp#27;[35m[BaseDriver]&amp#27;[39m Waiting up to 30000 ms for condition
[debug] &amp#27;[35m[WD Proxy]&amp#27;[39m Matched '/element' to command name 'findElement'
[debug] &amp#27;[35m[WD Proxy]&amp#27;[39m Proxying [POST /element] to [POST http://127.0.0.1:8204/wd/hub/session/1ba6c3f2-83d8-4411-bd70-b85c0b3a5be5/element] with body: {"strategy":"accessibility id","selector":"input-password","context":"","multiple":false}
[debug] &amp#27;[35m[WD Proxy]&amp#27;[39m Got response with status 200: {"sessionId":"1ba6c3f2-83d8-4411-bd70-b85c0b3a5be5","value":{"ELEMENT":"00000000-0000-0136-7fff-ffff0000003e","element-6066-11e4-a52e-4f735466cecf":"00000000-0000-0136-7fff-ffff0000003e"}}
[debug] &amp#27;[35m[W3C (8bc46446)]&amp#27;[39m Responding to client with driver.findElement() result: {"element-6066-11e4-a52e-4f735466cecf":"00000000-0000-0136-7fff-ffff0000003e","ELEMENT":"00000000-0000-0136-7fff-ffff0000003e"}
&amp#27;[35m[HTTP]&amp#27;[39m &amp#27;[37m<-- POST /wd/hub/session/8bc46446-73b9-46f3-8673-a9e1e5431af5/element &amp#27;[39m&amp#27;[32m200&amp#27;[39m &amp#27;[90m1167 ms - 137&amp#27;[39m
&amp#27;[35m[HTTP]&amp#27;[39m &amp#27;[90m&amp#27;[39m
&amp#27;[35m[HTTP]&amp#27;[39m &amp#27;[37m-->&amp#27;[39m &amp#27;[37mGET&amp#27;[39m &amp#27;[37m/wd/hub/session/8bc46446-73b9-46f3-8673-a9e1e5431af5/element/00000000-0000-0136-7fff-ffff0000003e/displayed&amp#27;[39m
&amp#27;[35m[HTTP]&amp#27;[39m &amp#27;[90m{}&amp#27;[39m
[debug] &amp#27;[35m[W3C (8bc46446)]&amp#27;[39m Calling AppiumDriver.elementDisplayed() with args: ["00000000-0000-0136-7fff-ffff0000003e","8bc46446-73b9-46f3-8673-a9e1e5431af5"]
[debug] &amp#27;[35m[WD Proxy]&amp#27;[39m Matched '/element/00000000-0000-0136-7fff-ffff0000003e/attribute/displayed' to command name 'getAttribute'
[debug] &amp#27;[35m[WD Proxy]&amp#27;[39m Proxying [GET /element/00000000-0000-0136-7fff-ffff0000003e/attribute/displayed] to [GET http://127.0.0.1:8204/wd/hub/session/1ba6c3f2-83d8-4411-bd70-b85c0b3a5be5/element/00000000-0000-0136-7fff-ffff0000003e/attribute/displayed] with no body
[debug] &amp#27;[35m[WD Proxy]&amp#27;[39m Got response with status 200: {"sessionId":"1ba6c3f2-83d8-4411-bd70-b85c0b3a5be5","value":"true"}
[debug] &amp#27;[35m[W3C (8bc46446)]&amp#27;[39m Responding to client with driver.elementDisplayed() result: true
&amp#27;[35m[HTTP]&amp#27;[39m &amp#27;[37m<-- GET /wd/hub/session/8bc46446-73b9-46f3-8673-a9e1e5431af5/element/00000000-0000-0136-7fff-ffff0000003e/displayed &amp#27;[39m&amp#27;[32m200&amp#27;[39m &amp#27;[90m23 ms - 14&amp#27;[39m
&amp#27;[35m[HTTP]&amp#27;[39m &amp#27;[90m&amp#27;[39m
&amp#27;[35m[HTTP]&amp#27;[39m &amp#27;[37m-->&amp#27;[39m &amp#27;[37mGET&amp#27;[39m &amp#27;[37m/wd/hub/session/8bc46446-73b9-46f3-8673-a9e1e5431af5/context&amp#27;[39m
&amp#27;[35m[HTTP]&amp#27;[39m &amp#27;[90m{}&amp#27;[39m
[debug] &amp#27;[35m[W3C (8bc46446)]&amp#27;[39m Calling AppiumDriver.getCurrentContext() with args: ["8bc46446-73b9-46f3-8673-a9e1e5431af5"]
[debug] &amp#27;[35m[W3C (8bc46446)]&amp#27;[39m Responding to client with driver.getCurrentContext() result: "NATIVE_APP"
&amp#27;[35m[HTTP]&amp#27;[39m &amp#27;[37m<-- GET /wd/hub/session/8bc46446-73b9-46f3-8673-a9e1e5431af5/context &amp#27;[39m&amp#27;[32m200&amp#27;[39m &amp#27;[90m1 ms - 22&amp#27;[39m
&amp#27;[35m[HTTP]&amp#27;[39m &amp#27;[90m&amp#27;[39m
&amp#27;[35m[HTTP]&amp#27;[39m &amp#27;[37m-->&amp#27;[39m &amp#27;[37mPOST&amp#27;[39m &amp#27;[37m/wd/hub/session/8bc46446-73b9-46f3-8673-a9e1e5431af5/element&amp#27;[39m
&amp#27;[35m[HTTP]&amp#27;[39m &amp#27;[90m{"using":"accessibility id","value":"input-password"}&amp#27;[39m
[debug] &amp#27;[35m[W3C (8bc46446)]&amp#27;[39m Calling AppiumDriver.findElement() with args: ["accessibility id","input-password","8bc46446-73b9-46f3-8673-a9e1e5431af5"]
[debug] &amp#27;[35m[BaseDriver]&amp#27;[39m Valid locator strategies for this request: xpath, id, class name, accessibility id, css selector, -android uiautomator
[debug] &amp#27;[35m[BaseDriver]&amp#27;[39m Waiting up to 30000 ms for condition
[debug] &amp#27;[35m[WD Proxy]&amp#27;[39m Matched '/element' to command name 'findElement'
[debug] &amp#27;[35m[WD Proxy]&amp#27;[39m Proxying [POST /element] to [POST http://127.0.0.1:8204/wd/hub/session/1ba6c3f2-83d8-4411-bd70-b85c0b3a5be5/element] with body: {"strategy":"accessibility id","selector":"input-password","context":"","multiple":false}
[debug] &amp#27;[35m[WD Proxy]&amp#27;[39m Got response with status 200: {"sessionId":"1ba6c3f2-83d8-4411-bd70-b85c0b3a5be5","value":{"ELEMENT":"00000000-0000-0136-7fff-ffff0000003e","element-6066-11e4-a52e-4f735466cecf":"00000000-0000-0136-7fff-ffff0000003e"}}
[debug] &amp#27;[35m[W3C (8bc46446)]&amp#27;[39m Responding to client with driver.findElement() result: {"element-6066-11e4-a52e-4f735466cecf":"00000000-0000-0136-7fff-ffff0000003e","ELEMENT":"00000000-0000-0136-7fff-ffff0000003e"}
&amp#27;[35m[HTTP]&amp#27;[39m &amp#27;[37m<-- POST /wd/hub/session/8bc46446-73b9-46f3-8673-a9e1e5431af5/element &amp#27;[39m&amp#27;[32m200&amp#27;[39m &amp#27;[90m91 ms - 137&amp#27;[39m
&amp#27;[35m[HTTP]&amp#27;[39m &amp#27;[90m&amp#27;[39m
&amp#27;[35m[HTTP]&amp#27;[39m &amp#27;[37m-->&amp#27;[39m &amp#27;[37mPOST&amp#27;[39m &amp#27;[37m/wd/hub/session/8bc46446-73b9-46f3-8673-a9e1e5431af5/element/00000000-0000-0136-7fff-ffff0000003e/clear&amp#27;[39m
&amp#27;[35m[HTTP]&amp#27;[39m &amp#27;[90m{"id":"00000000-0000-0136-7fff-ffff0000003e"}&amp#27;[39m
[debug] &amp#27;[35m[W3C (8bc46446)]&amp#27;[39m Calling AppiumDriver.clear() with args: ["00000000-0000-0136-7fff-ffff0000003e","8bc46446-73b9-46f3-8673-a9e1e5431af5"]
[debug] &amp#27;[35m[WD Proxy]&amp#27;[39m Matched '/element/00000000-0000-0136-7fff-ffff0000003e/clear' to command name 'clear'
[debug] &amp#27;[35m[WD Proxy]&amp#27;[39m Proxying [POST /element/00000000-0000-0136-7fff-ffff0000003e/clear] to [POST http://127.0.0.1:8204/wd/hub/session/1ba6c3f2-83d8-4411-bd70-b85c0b3a5be5/element/00000000-0000-0136-7fff-ffff0000003e/clear] with body: {"elementId":"00000000-0000-0136-7fff-ffff0000003e"}
[debug] &amp#27;[35m[WD Proxy]&amp#27;[39m Got response with status 200: {"sessionId":"1ba6c3f2-83d8-4411-bd70-b85c0b3a5be5","value":null}
[debug] &amp#27;[35m[W3C (8bc46446)]&amp#27;[39m Responding to client with driver.clear() result: null
&amp#27;[35m[HTTP]&amp#27;[39m &amp#27;[37m<-- POST /wd/hub/session/8bc46446-73b9-46f3-8673-a9e1e5431af5/element/00000000-0000-0136-7fff-ffff0000003e/clear &amp#27;[39m&amp#27;[32m200&amp#27;[39m &amp#27;[90m30 ms - 14&amp#27;[39m
&amp#27;[35m[HTTP]&amp#27;[39m &amp#27;[90m&amp#27;[39m
&amp#27;[35m[HTTP]&amp#27;[39m &amp#27;[37m-->&amp#27;[39m &amp#27;[37mGET&amp#27;[39m &amp#27;[37m/wd/hub/session/8bc46446-73b9-46f3-8673-a9e1e5431af5/context&amp#27;[39m
&amp#27;[35m[HTTP]&amp#27;[39m &amp#27;[90m{}&amp#27;[39m
[debug] &amp#27;[35m[W3C (8bc46446)]&amp#27;[39m Calling AppiumDriver.getCurrentContext() with args: ["8bc46446-73b9-46f3-8673-a9e1e5431af5"]
[debug] &amp#27;[35m[W3C (8bc46446)]&amp#27;[39m Responding to client with driver.getCurrentContext() result: "NATIVE_APP"
&amp#27;[35m[HTTP]&amp#27;[39m &amp#27;[37m<-- GET /wd/hub/session/8bc46446-73b9-46f3-8673-a9e1e5431af5/context &amp#27;[39m&amp#27;[32m200&amp#27;[39m &amp#27;[90m1 ms - 22&amp#27;[39m
&amp#27;[35m[HTTP]&amp#27;[39m &amp#27;[90m&amp#27;[39m
&amp#27;[35m[HTTP]&amp#27;[39m &amp#27;[37m-->&amp#27;[39m &amp#27;[37mPOST&amp#27;[39m &amp#27;[37m/wd/hub/session/8bc46446-73b9-46f3-8673-a9e1e5431af5/element&amp#27;[39m
&amp#27;[35m[HTTP]&amp#27;[39m &amp#27;[90m{"using":"accessibility id","value":"input-password"}&amp#27;[39m
[debug] &amp#27;[35m[W3C (8bc46446)]&amp#27;[39m Calling AppiumDriver.findElement() with args: ["accessibility id","input-password","8bc46446-73b9-46f3-8673-a9e1e5431af5"]
[debug] &amp#27;[35m[BaseDriver]&amp#27;[39m Valid locator strategies for this request: xpath, id, class name, accessibility id, css selector, -android uiautomator
[debug] &amp#27;[35m[BaseDriver]&amp#27;[39m Waiting up to 30000 ms for condition
[debug] &amp#27;[35m[WD Proxy]&amp#27;[39m Matched '/element' to command name 'findElement'
[debug] &amp#27;[35m[WD Proxy]&amp#27;[39m Proxying [POST /element] to [POST http://127.0.0.1:8204/wd/hub/session/1ba6c3f2-83d8-4411-bd70-b85c0b3a5be5/element] with body: {"strategy":"accessibility id","selector":"input-password","context":"","multiple":false}
[debug] &amp#27;[35m[WD Proxy]&amp#27;[39m Got response with status 200: {"sessionId":"1ba6c3f2-83d8-4411-bd70-b85c0b3a5be5","value":{"ELEMENT":"00000000-0000-0136-7fff-ffff0000003e","element-6066-11e4-a52e-4f735466cecf":"00000000-0000-0136-7fff-ffff0000003e"}}
[debug] &amp#27;[35m[W3C (8bc46446)]&amp#27;[39m Responding to client with driver.findElement() result: {"element-6066-11e4-a52e-4f735466cecf":"00000000-0000-0136-7fff-ffff0000003e","ELEMENT":"00000000-0000-0136-7fff-ffff0000003e"}
&amp#27;[35m[HTTP]&amp#27;[39m &amp#27;[37m<-- POST /wd/hub/session/8bc46446-73b9-46f3-8673-a9e1e5431af5/element &amp#27;[39m&amp#27;[32m200&amp#27;[39m &amp#27;[90m538 ms - 137&amp#27;[39m
&amp#27;[35m[HTTP]&amp#27;[39m &amp#27;[90m&amp#27;[39m
&amp#27;[35m[HTTP]&amp#27;[39m &amp#27;[37m-->&amp#27;[39m &amp#27;[37mGET&amp#27;[39m &amp#27;[37m/wd/hub/session/8bc46446-73b9-46f3-8673-a9e1e5431af5/element/00000000-0000-0136-7fff-ffff0000003e/displayed&amp#27;[39m
&amp#27;[35m[HTTP]&amp#27;[39m &amp#27;[90m{}&amp#27;[39m
[debug] &amp#27;[35m[W3C (8bc46446)]&amp#27;[39m Calling AppiumDriver.elementDisplayed() with args: ["00000000-0000-0136-7fff-ffff0000003e","8bc46446-73b9-46f3-8673-a9e1e5431af5"]
[debug] &amp#27;[35m[WD Proxy]&amp#27;[39m Matched '/element/00000000-0000-0136-7fff-ffff0000003e/attribute/displayed' to command name 'getAttribute'
[debug] &amp#27;[35m[WD Proxy]&amp#27;[39m Proxying [GET /element/00000000-0000-0136-7fff-ffff0000003e/attribute/displayed] to [GET http://127.0.0.1:8204/wd/hub/session/1ba6c3f2-83d8-4411-bd70-b85c0b3a5be5/element/00000000-0000-0136-7fff-ffff0000003e/attribute/displayed] with no body
[debug] &amp#27;[35m[WD Proxy]&amp#27;[39m Got response with status 200: {"sessionId":"1ba6c3f2-83d8-4411-bd70-b85c0b3a5be5","value":"true"}
[debug] &amp#27;[35m[W3C (8bc46446)]&amp#27;[39m Responding to client with driver.elementDisplayed() result: true
&amp#27;[35m[HTTP]&amp#27;[39m &amp#27;[37m<-- GET /wd/hub/session/8bc46446-73b9-46f3-8673-a9e1e5431af5/element/00000000-0000-0136-7fff-ffff0000003e/displayed &amp#27;[39m&amp#27;[32m200&amp#27;[39m &amp#27;[90m20 ms - 14&amp#27;[39m
&amp#27;[35m[HTTP]&amp#27;[39m &amp#27;[90m&amp#27;[39m
&amp#27;[35m[HTTP]&amp#27;[39m &amp#27;[37m-->&amp#27;[39m &amp#27;[37mGET&amp#27;[39m &amp#27;[37m/wd/hub/session/8bc46446-73b9-46f3-8673-a9e1e5431af5/context&amp#27;[39m
&amp#27;[35m[HTTP]&amp#27;[39m &amp#27;[90m{}&amp#27;[39m
[debug] &amp#27;[35m[W3C (8bc46446)]&amp#27;[39m Calling AppiumDriver.getCurrentContext() with args: ["8bc46446-73b9-46f3-8673-a9e1e5431af5"]
[debug] &amp#27;[35m[W3C (8bc46446)]&amp#27;[39m Responding to client with driver.getCurrentContext() result: "NATIVE_APP"
&amp#27;[35m[HTTP]&amp#27;[39m &amp#27;[37m<-- GET /wd/hub/session/8bc46446-73b9-46f3-8673-a9e1e5431af5/context &amp#27;[39m&amp#27;[32m200&amp#27;[39m &amp#27;[90m2 ms - 22&amp#27;[39m
&amp#27;[35m[HTTP]&amp#27;[39m &amp#27;[90m&amp#27;[39m
&amp#27;[35m[HTTP]&amp#27;[39m &amp#27;[37m-->&amp#27;[39m &amp#27;[37mPOST&amp#27;[39m &amp#27;[37m/wd/hub/session/8bc46446-73b9-46f3-8673-a9e1e5431af5/element&amp#27;[39m
&amp#27;[35m[HTTP]&amp#27;[39m &amp#27;[90m{"using":"accessibility id","value":"input-password"}&amp#27;[39m
[debug] &amp#27;[35m[W3C (8bc46446)]&amp#27;[39m Calling AppiumDriver.findElement() with args: ["accessibility id","input-password","8bc46446-73b9-46f3-8673-a9e1e5431af5"]
[debug] &amp#27;[35m[BaseDriver]&amp#27;[39m Valid locator strategies for this request: xpath, id, class name, accessibility id, css selector, -android uiautomator
[debug] &amp#27;[35m[BaseDriver]&amp#27;[39m Waiting up to 30000 ms for condition
[debug] &amp#27;[35m[WD Proxy]&amp#27;[39m Matched '/element' to command name 'findElement'
[debug] &amp#27;[35m[WD Proxy]&amp#27;[39m Proxying [POST /element] to [POST http://127.0.0.1:8204/wd/hub/session/1ba6c3f2-83d8-4411-bd70-b85c0b3a5be5/element] with body: {"strategy":"accessibility id","selector":"input-password","context":"","multiple":false}
[debug] &amp#27;[35m[WD Proxy]&amp#27;[39m Got response with status 200: {"sessionId":"1ba6c3f2-83d8-4411-bd70-b85c0b3a5be5","value":{"ELEMENT":"00000000-0000-0136-7fff-ffff0000003e","element-6066-11e4-a52e-4f735466cecf":"00000000-0000-0136-7fff-ffff0000003e"}}
[debug] &amp#27;[35m[W3C (8bc46446)]&amp#27;[39m Responding to client with driver.findElement() result: {"element-6066-11e4-a52e-4f735466cecf":"00000000-0000-0136-7fff-ffff0000003e","ELEMENT":"00000000-0000-0136-7fff-ffff0000003e"}
&amp#27;[35m[HTTP]&amp#27;[39m &amp#27;[37m<-- POST /wd/hub/session/8bc46446-73b9-46f3-8673-a9e1e5431af5/element &amp#27;[39m&amp#27;[32m200&amp#27;[39m &amp#27;[90m73 ms - 137&amp#27;[39m
&amp#27;[35m[HTTP]&amp#27;[39m &amp#27;[90m&amp#27;[39m
&amp#27;[35m[HTTP]&amp#27;[39m &amp#27;[37m-->&amp#27;[39m &amp#27;[37mPOST&amp#27;[39m &amp#27;[37m/wd/hub/session/8bc46446-73b9-46f3-8673-a9e1e5431af5/element/00000000-0000-0136-7fff-ffff0000003e/value&amp#27;[39m
&amp#27;[35m[HTTP]&amp#27;[39m &amp#27;[90m{"id":"00000000-0000-0136-7fff-ffff0000003e","text":"1234","value":["1","2","3","4"]}&amp#27;[39m
[debug] &amp#27;[35m[W3C (8bc46446)]&amp#27;[39m Calling AppiumDriver.setValue() with args: [["1","2","3","4"],"00000000-0000-0136-7fff-ffff0000003e","8bc46446-73b9-46f3-8673-a9e1e5431af5"]
[debug] &amp#27;[35m[WD Proxy]&amp#27;[39m Matched '/element/00000000-0000-0136-7fff-ffff0000003e/value' to command name 'setValue'
[debug] &amp#27;[35m[Protocol Converter]&amp#27;[39m Added 'value' property ["1","2","3","4"] to 'setValue' request body
[debug] &amp#27;[35m[WD Proxy]&amp#27;[39m Proxying [POST /element/00000000-0000-0136-7fff-ffff0000003e/value] to [POST http://127.0.0.1:8204/wd/hub/session/1ba6c3f2-83d8-4411-bd70-b85c0b3a5be5/element/00000000-0000-0136-7fff-ffff0000003e/value] with body: {"elementId":"00000000-0000-0136-7fff-ffff0000003e","text":"1234","replace":false,"value":["1","2","3","4"]}
[debug] &amp#27;[35m[WD Proxy]&amp#27;[39m Got response with status 200: {"sessionId":"1ba6c3f2-83d8-4411-bd70-b85c0b3a5be5","value":null}
[debug] &amp#27;[35m[W3C (8bc46446)]&amp#27;[39m Responding to client with driver.setValue() result: null
&amp#27;[35m[HTTP]&amp#27;[39m &amp#27;[37m<-- POST /wd/hub/session/8bc46446-73b9-46f3-8673-a9e1e5431af5/element/00000000-0000-0136-7fff-ffff0000003e/value &amp#27;[39m&amp#27;[32m200&amp#27;[39m &amp#27;[90m608 ms - 14&amp#27;[39m
&amp#27;[35m[HTTP]&amp#27;[39m &amp#27;[90m&amp#27;[39m
&amp#27;[35m[HTTP]&amp#27;[39m &amp#27;[37m-->&amp#27;[39m &amp#27;[37mGET&amp#27;[39m &amp#27;[37m/wd/hub/session/8bc46446-73b9-46f3-8673-a9e1e5431af5/context&amp#27;[39m
&amp#27;[35m[HTTP]&amp#27;[39m &amp#27;[90m{}&amp#27;[39m
[debug] &amp#27;[35m[W3C (8bc46446)]&amp#27;[39m Calling AppiumDriver.getCurrentContext() with args: ["8bc46446-73b9-46f3-8673-a9e1e5431af5"]
[debug] &amp#27;[35m[W3C (8bc46446)]&amp#27;[39m Responding to client with driver.getCurrentContext() result: "NATIVE_APP"
&amp#27;[35m[HTTP]&amp#27;[39m &amp#27;[37m<-- GET /wd/hub/session/8bc46446-73b9-46f3-8673-a9e1e5431af5/context &amp#27;[39m&amp#27;[32m200&amp#27;[39m &amp#27;[90m1 ms - 22&amp#27;[39m
&amp#27;[35m[HTTP]&amp#27;[39m &amp#27;[90m&amp#27;[39m
&amp#27;[35m[HTTP]&amp#27;[39m &amp#27;[37m-->&amp#27;[39m &amp#27;[37mPOST&amp#27;[39m &amp#27;[37m/wd/hub/session/8bc46446-73b9-46f3-8673-a9e1e5431af5/element&amp#27;[39m
&amp#27;[35m[HTTP]&amp#27;[39m &amp#27;[90m{"using":"accessibility id","value":"button-LOGIN"}&amp#27;[39m
[debug] &amp#27;[35m[W3C (8bc46446)]&amp#27;[39m Calling AppiumDriver.findElement() with args: ["accessibility id","button-LOGIN","8bc46446-73b9-46f3-8673-a9e1e5431af5"]
[debug] &amp#27;[35m[BaseDriver]&amp#27;[39m Valid locator strategies for this request: xpath, id, class name, accessibility id, css selector, -android uiautomator
[debug] &amp#27;[35m[BaseDriver]&amp#27;[39m Waiting up to 30000 ms for condition
[debug] &amp#27;[35m[WD Proxy]&amp#27;[39m Matched '/element' to command name 'findElement'
[debug] &amp#27;[35m[WD Proxy]&amp#27;[39m Proxying [POST /element] to [POST http://127.0.0.1:8204/wd/hub/session/1ba6c3f2-83d8-4411-bd70-b85c0b3a5be5/element] with body: {"strategy":"accessibility id","selector":"button-LOGIN","context":"","multiple":false}
[debug] &amp#27;[35m[WD Proxy]&amp#27;[39m Got response with status 200: {"sessionId":"1ba6c3f2-83d8-4411-bd70-b85c0b3a5be5","value":{"ELEMENT":"00000000-0000-0136-7fff-ffff00000055","element-6066-11e4-a52e-4f735466cecf":"00000000-0000-0136-7fff-ffff00000055"}}
[debug] &amp#27;[35m[W3C (8bc46446)]&amp#27;[39m Responding to client with driver.findElement() result: {"element-6066-11e4-a52e-4f735466cecf":"00000000-0000-0136-7fff-ffff00000055","ELEMENT":"00000000-0000-0136-7fff-ffff00000055"}
&amp#27;[35m[HTTP]&amp#27;[39m &amp#27;[37m<-- POST /wd/hub/session/8bc46446-73b9-46f3-8673-a9e1e5431af5/element &amp#27;[39m&amp#27;[32m200&amp#27;[39m &amp#27;[90m700 ms - 137&amp#27;[39m
&amp#27;[35m[HTTP]&amp#27;[39m &amp#27;[90m&amp#27;[39m
&amp#27;[35m[HTTP]&amp#27;[39m &amp#27;[37m-->&amp#27;[39m &amp#27;[37mGET&amp#27;[39m &amp#27;[37m/wd/hub/session/8bc46446-73b9-46f3-8673-a9e1e5431af5/element/00000000-0000-0136-7fff-ffff00000055/displayed&amp#27;[39m
&amp#27;[35m[HTTP]&amp#27;[39m &amp#27;[90m{}&amp#27;[39m
[debug] &amp#27;[35m[W3C (8bc46446)]&amp#27;[39m Calling AppiumDriver.elementDisplayed() with args: ["00000000-0000-0136-7fff-ffff00000055","8bc46446-73b9-46f3-8673-a9e1e5431af5"]
[debug] &amp#27;[35m[WD Proxy]&amp#27;[39m Matched '/element/00000000-0000-0136-7fff-ffff00000055/attribute/displayed' to command name 'getAttribute'
[debug] &amp#27;[35m[WD Proxy]&amp#27;[39m Proxying [GET /element/00000000-0000-0136-7fff-ffff00000055/attribute/displayed] to [GET http://127.0.0.1:8204/wd/hub/session/1ba6c3f2-83d8-4411-bd70-b85c0b3a5be5/element/00000000-0000-0136-7fff-ffff00000055/attribute/displayed] with no body
[debug] &amp#27;[35m[WD Proxy]&amp#27;[39m Got response with status 200: {"sessionId":"1ba6c3f2-83d8-4411-bd70-b85c0b3a5be5","value":"true"}
[debug] &amp#27;[35m[W3C (8bc46446)]&amp#27;[39m Responding to client with driver.elementDisplayed() result: true
&amp#27;[35m[HTTP]&amp#27;[39m &amp#27;[37m<-- GET /wd/hub/session/8bc46446-73b9-46f3-8673-a9e1e5431af5/element/00000000-0000-0136-7fff-ffff00000055/displayed &amp#27;[39m&amp#27;[32m200&amp#27;[39m &amp#27;[90m23 ms - 14&amp#27;[39m
&amp#27;[35m[HTTP]&amp#27;[39m &amp#27;[90m&amp#27;[39m
&amp#27;[35m[HTTP]&amp#27;[39m &amp#27;[37m-->&amp#27;[39m &amp#27;[37mGET&amp#27;[39m &amp#27;[37m/wd/hub/session/8bc46446-73b9-46f3-8673-a9e1e5431af5/context&amp#27;[39m
&amp#27;[35m[HTTP]&amp#27;[39m &amp#27;[90m{}&amp#27;[39m
[debug] &amp#27;[35m[W3C (8bc46446)]&amp#27;[39m Calling AppiumDriver.getCurrentContext() with args: ["8bc46446-73b9-46f3-8673-a9e1e5431af5"]
[debug] &amp#27;[35m[W3C (8bc46446)]&amp#27;[39m Responding to client with driver.getCurrentContext() result: "NATIVE_APP"
&amp#27;[35m[HTTP]&amp#27;[39m &amp#27;[37m<-- GET /wd/hub/session/8bc46446-73b9-46f3-8673-a9e1e5431af5/context &amp#27;[39m&amp#27;[32m200&amp#27;[39m &amp#27;[90m2 ms - 22&amp#27;[39m
&amp#27;[35m[HTTP]&amp#27;[39m &amp#27;[90m&amp#27;[39m
&amp#27;[35m[HTTP]&amp#27;[39m &amp#27;[37m-->&amp#27;[39m &amp#27;[37mPOST&amp#27;[39m &amp#27;[37m/wd/hub/session/8bc46446-73b9-46f3-8673-a9e1e5431af5/element&amp#27;[39m
&amp#27;[35m[HTTP]&amp#27;[39m &amp#27;[90m{"using":"accessibility id","value":"button-LOGIN"}&amp#27;[39m
[debug] &amp#27;[35m[W3C (8bc46446)]&amp#27;[39m Calling AppiumDriver.findElement() with args: ["accessibility id","button-LOGIN","8bc46446-73b9-46f3-8673-a9e1e5431af5"]
[debug] &amp#27;[35m[BaseDriver]&amp#27;[39m Valid locator strategies for this request: xpath, id, class name, accessibility id, css selector, -android uiautomator
[debug] &amp#27;[35m[BaseDriver]&amp#27;[39m Waiting up to 30000 ms for condition
[debug] &amp#27;[35m[WD Proxy]&amp#27;[39m Matched '/element' to command name 'findElement'
[debug] &amp#27;[35m[WD Proxy]&amp#27;[39m Proxying [POST /element] to [POST http://127.0.0.1:8204/wd/hub/session/1ba6c3f2-83d8-4411-bd70-b85c0b3a5be5/element] with body: {"strategy":"accessibility id","selector":"button-LOGIN","context":"","multiple":false}
[debug] &amp#27;[35m[WD Proxy]&amp#27;[39m Got response with status 200: {"sessionId":"1ba6c3f2-83d8-4411-bd70-b85c0b3a5be5","value":{"ELEMENT":"00000000-0000-0136-7fff-ffff00000055","element-6066-11e4-a52e-4f735466cecf":"00000000-0000-0136-7fff-ffff00000055"}}
[debug] &amp#27;[35m[W3C (8bc46446)]&amp#27;[39m Responding to client with driver.findElement() result: {"element-6066-11e4-a52e-4f735466cecf":"00000000-0000-0136-7fff-ffff00000055","ELEMENT":"00000000-0000-0136-7fff-ffff00000055"}
&amp#27;[35m[HTTP]&amp#27;[39m &amp#27;[37m<-- POST /wd/hub/session/8bc46446-73b9-46f3-8673-a9e1e5431af5/element &amp#27;[39m&amp#27;[32m200&amp#27;[39m &amp#27;[90m64 ms - 137&amp#27;[39m
&amp#27;[35m[HTTP]&amp#27;[39m &amp#27;[90m&amp#27;[39m
&amp#27;[35m[HTTP]&amp#27;[39m &amp#27;[37m-->&amp#27;[39m &amp#27;[37mPOST&amp#27;[39m &amp#27;[37m/wd/hub/session/8bc46446-73b9-46f3-8673-a9e1e5431af5/element/00000000-0000-0136-7fff-ffff00000055/click&amp#27;[39m
&amp#27;[35m[HTTP]&amp#27;[39m &amp#27;[90m{"id":"00000000-0000-0136-7fff-ffff00000055"}&amp#27;[39m
[debug] &amp#27;[35m[W3C (8bc46446)]&amp#27;[39m Calling AppiumDriver.click() with args: ["00000000-0000-0136-7fff-ffff00000055","8bc46446-73b9-46f3-8673-a9e1e5431af5"]
[debug] &amp#27;[35m[WD Proxy]&amp#27;[39m Matched '/element/00000000-0000-0136-7fff-ffff00000055/click' to command name 'click'
[debug] &amp#27;[35m[WD Proxy]&amp#27;[39m Proxying [POST /element/00000000-0000-0136-7fff-ffff00000055/click] to [POST http://127.0.0.1:8204/wd/hub/session/1ba6c3f2-83d8-4411-bd70-b85c0b3a5be5/element/00000000-0000-0136-7fff-ffff00000055/click] with body: {"element":"00000000-0000-0136-7fff-ffff00000055"}
[debug] &amp#27;[35m[WD Proxy]&amp#27;[39m Got response with status 200: {"sessionId":"1ba6c3f2-83d8-4411-bd70-b85c0b3a5be5","value":null}
[debug] &amp#27;[35m[W3C (8bc46446)]&amp#27;[39m Responding to client with driver.click() result: null
&amp#27;[35m[HTTP]&amp#27;[39m &amp#27;[37m<-- POST /wd/hub/session/8bc46446-73b9-46f3-8673-a9e1e5431af5/element/00000000-0000-0136-7fff-ffff00000055/click &amp#27;[39m&amp#27;[32m200&amp#27;[39m &amp#27;[90m59 ms - 14&amp#27;[39m
&amp#27;[35m[HTTP]&amp#27;[39m &amp#27;[90m&amp#27;[39m
&amp#27;[35m[HTTP]&amp#27;[39m &amp#27;[37m-->&amp#27;[39m &amp#27;[37mGET&amp#27;[39m &amp#27;[37m/wd/hub/session/8bc46446-73b9-46f3-8673-a9e1e5431af5/context&amp#27;[39m
&amp#27;[35m[HTTP]&amp#27;[39m &amp#27;[90m{}&amp#27;[39m
[debug] &amp#27;[35m[W3C (8bc46446)]&amp#27;[39m Calling AppiumDriver.getCurrentContext() with args: ["8bc46446-73b9-46f3-8673-a9e1e5431af5"]
[debug] &amp#27;[35m[W3C (8bc46446)]&amp#27;[39m Responding to client with driver.getCurrentContext() result: "NATIVE_APP"
&amp#27;[35m[HTTP]&amp#27;[39m &amp#27;[37m<-- GET /wd/hub/session/8bc46446-73b9-46f3-8673-a9e1e5431af5/context &amp#27;[39m&amp#27;[32m200&amp#27;[39m &amp#27;[90m1 ms - 22&amp#27;[39m
&amp#27;[35m[HTTP]&amp#27;[39m &amp#27;[90m&amp#27;[39m
&amp#27;[35m[HTTP]&amp#27;[39m &amp#27;[37m-->&amp#27;[39m &amp#27;[37mPOST&amp#27;[39m &amp#27;[37m/wd/hub/session/8bc46446-73b9-46f3-8673-a9e1e5431af5/element&amp#27;[39m
&amp#27;[35m[HTTP]&amp#27;[39m &amp#27;[90m{"using":"xpath","value":"//*[@content-desc='button-LOGIN']/preceding-sibling::android.widget.TextView[2]"}&amp#27;[39m
[debug] &amp#27;[35m[W3C (8bc46446)]&amp#27;[39m Calling AppiumDriver.findElement() with args: ["xpath","//*[@content-desc='button-LOGIN']/preceding-sibling::android.widget.TextView[2]","8bc46446-73b9-46f3-8673-a9e1e5431af5"]
[debug] &amp#27;[35m[BaseDriver]&amp#27;[39m Valid locator strategies for this request: xpath, id, class name, accessibility id, css selector, -android uiautomator
[debug] &amp#27;[35m[BaseDriver]&amp#27;[39m Waiting up to 30000 ms for condition
[debug] &amp#27;[35m[WD Proxy]&amp#27;[39m Matched '/element' to command name 'findElement'
[debug] &amp#27;[35m[WD Proxy]&amp#27;[39m Proxying [POST /element] to [POST http://127.0.0.1:8204/wd/hub/session/1ba6c3f2-83d8-4411-bd70-b85c0b3a5be5/element] with body: {"strategy":"xpath","selector":"//*[@content-desc='button-LOGIN']/preceding-sibling::android.widget.TextView[2]","context":"","multiple":false}
[debug] &amp#27;[35m[WD Proxy]&amp#27;[39m Got response with status 200: {"sessionId":"1ba6c3f2-83d8-4411-bd70-b85c0b3a5be5","value":{"ELEMENT":"00000000-0000-0136-7fff-ffff00000053","element-6066-11e4-a52e-4f735466cecf":"00000000-0000-0136-7fff-ffff00000053"}}
[debug] &amp#27;[35m[W3C (8bc46446)]&amp#27;[39m Responding to client with driver.findElement() result: {"element-6066-11e4-a52e-4f735466cecf":"00000000-0000-0136-7fff-ffff00000053","ELEMENT":"00000000-0000-0136-7fff-ffff00000053"}
&amp#27;[35m[HTTP]&amp#27;[39m &amp#27;[37m<-- POST /wd/hub/session/8bc46446-73b9-46f3-8673-a9e1e5431af5/element &amp#27;[39m&amp#27;[32m200&amp#27;[39m &amp#27;[90m193 ms - 137&amp#27;[39m
&amp#27;[35m[HTTP]&amp#27;[39m &amp#27;[90m&amp#27;[39m
&amp#27;[35m[HTTP]&amp#27;[39m &amp#27;[37m-->&amp#27;[39m &amp#27;[37mGET&amp#27;[39m &amp#27;[37m/wd/hub/session/8bc46446-73b9-46f3-8673-a9e1e5431af5/element/00000000-0000-0136-7fff-ffff00000053/displayed&amp#27;[39m
&amp#27;[35m[HTTP]&amp#27;[39m &amp#27;[90m{}&amp#27;[39m
[debug] &amp#27;[35m[W3C (8bc46446)]&amp#27;[39m Calling AppiumDriver.elementDisplayed() with args: ["00000000-0000-0136-7fff-ffff00000053","8bc46446-73b9-46f3-8673-a9e1e5431af5"]
[debug] &amp#27;[35m[WD Proxy]&amp#27;[39m Matched '/element/00000000-0000-0136-7fff-ffff00000053/attribute/displayed' to command name 'getAttribute'
[debug] &amp#27;[35m[WD Proxy]&amp#27;[39m Proxying [GET /element/00000000-0000-0136-7fff-ffff00000053/attribute/displayed] to [GET http://127.0.0.1:8204/wd/hub/session/1ba6c3f2-83d8-4411-bd70-b85c0b3a5be5/element/00000000-0000-0136-7fff-ffff00000053/attribute/displayed] with no body
[debug] &amp#27;[35m[WD Proxy]&amp#27;[39m Got response with status 200: {"sessionId":"1ba6c3f2-83d8-4411-bd70-b85c0b3a5be5","value":"true"}
[debug] &amp#27;[35m[W3C (8bc46446)]&amp#27;[39m Responding to client with driver.elementDisplayed() result: true
[...]
&amp#27;[35m[HTTP]&amp#27;[39m &amp#27;[90m&amp#27;[39m
&amp#27;[35m[HTTP]&amp#27;[39m &amp#27;[37m-->&amp#27;[39m &amp#27;[37mGET&amp#27;[39m &amp#27;[37m/wd/hub/session/8bc46446-73b9-46f3-8673-a9e1e5431af5/context&amp#27;[39m
&amp#27;[35m[HTTP]&amp#27;[39m &amp#27;[90m{}&amp#27;[39m
[debug] &amp#27;[35m[W3C (8bc46446)]&amp#27;[39m Calling AppiumDriver.getCurrentContext() with args: ["8bc46446-73b9-46f3-8673-a9e1e5431af5"]
[debug] &amp#27;[35m[W3C (8bc46446)]&amp#27;[39m Responding to client with driver.getCurrentContext() result: "NATIVE_APP"
&amp#27;[35m[HTTP]&amp#27;[39m &amp#27;[37m<-- GET /wd/hub/session/8bc46446-73b9-46f3-8673-a9e1e5431af5/context &amp#27;[39m&amp#27;[32m200&amp#27;[39m &amp#27;[90m1 ms - 22&amp#27;[39m
&amp#27;[35m[HTTP]&amp#27;[39m &amp#27;[90m&amp#27;[39m
&amp#27;[35m[HTTP]&amp#27;[39m &amp#27;[37m-->&amp#27;[39m &amp#27;[37mPOST&amp#27;[39m &amp#27;[37m/wd/hub/session/8bc46446-73b9-46f3-8673-a9e1e5431af5/element&amp#27;[39m
&amp#27;[35m[HTTP]&amp#27;[39m &amp#27;[90m{"using":"id","value":"android:id/alertTitle"}&amp#27;[39m
[debug] &amp#27;[35m[W3C (8bc46446)]&amp#27;[39m Calling AppiumDriver.findElement() with args: ["id","android:id/alertTitle","8bc46446-73b9-46f3-8673-a9e1e5431af5"]
[debug] &amp#27;[35m[BaseDriver]&amp#27;[39m Valid locator strategies for this request: xpath, id, class name, accessibility id, css selector, -android uiautomator
[debug] &amp#27;[35m[BaseDriver]&amp#27;[39m Waiting up to 30000 ms for condition
[debug] &amp#27;[35m[WD Proxy]&amp#27;[39m Matched '/element' to command name 'findElement'
[debug] &amp#27;[35m[WD Proxy]&amp#27;[39m Proxying [POST /element] to [POST http://127.0.0.1:8204/wd/hub/session/1ba6c3f2-83d8-4411-bd70-b85c0b3a5be5/element] with body: {"strategy":"id","selector":"android:id/alertTitle","context":"","multiple":false}
[debug] &amp#27;[35m[WD Proxy]&amp#27;[39m Got response with status 200: {"sessionId":"1ba6c3f2-83d8-4411-bd70-b85c0b3a5be5","value":{"ELEMENT":"00000000-0000-0138-7fff-ffff000000ad","element-6066-11e4-a52e-4f735466cecf":"00000000-0000-0138-7fff-ffff000000ad"}}
[debug] &amp#27;[35m[W3C (8bc46446)]&amp#27;[39m Responding to client with driver.findElement() result: {"element-6066-11e4-a52e-4f735466cecf":"00000000-0000-0138-7fff-ffff000000ad","ELEMENT":"00000000-0000-0138-7fff-ffff000000ad"}
&amp#27;[35m[HTTP]&amp#27;[39m &amp#27;[37m<-- POST /wd/hub/session/8bc46446-73b9-46f3-8673-a9e1e5431af5/element &amp#27;[39m&amp#27;[32m200&amp#27;[39m &amp#27;[90m28 ms - 137&amp#27;[39m
&amp#27;[35m[HTTP]&amp#27;[39m &amp#27;[90m&amp#27;[39m
&amp#27;[35m[HTTP]&amp#27;[39m &amp#27;[37m-->&amp#27;[39m &amp#27;[37mGET&amp#27;[39m &amp#27;[37m/wd/hub/session/8bc46446-73b9-46f3-8673-a9e1e5431af5/element/00000000-0000-0138-7fff-ffff000000ad/text&amp#27;[39m
&amp#27;[35m[HTTP]&amp#27;[39m &amp#27;[90m{}&amp#27;[39m
&amp#27;[35m[W3C (8bc46446)]&amp#27;[39m Driver proxy active, passing request on via HTTP proxy
[debug] &amp#27;[35m[WD Proxy]&amp#27;[39m Matched '/wd/hub/session/8bc46446-73b9-46f3-8673-a9e1e5431af5/element/00000000-0000-0138-7fff-ffff000000ad/text' to command name 'getText'
[debug] &amp#27;[35m[WD Proxy]&amp#27;[39m Proxying [GET /wd/hub/session/8bc46446-73b9-46f3-8673-a9e1e5431af5/element/00000000-0000-0138-7fff-ffff000000ad/text] to [GET http://127.0.0.1:8204/wd/hub/session/1ba6c3f2-83d8-4411-bd70-b85c0b3a5be5/element/00000000-0000-0138-7fff-ffff000000ad/text] with no body
[debug] &amp#27;[35m[WD Proxy]&amp#27;[39m Got response with status 200: {"sessionId":"1ba6c3f2-83d8-4411-bd70-b85c0b3a5be5","value":"Signed Up!"}
&amp#27;[35m[WD Proxy]&amp#27;[39m Replacing sessionId 1ba6c3f2-83d8-4411-bd70-b85c0b3a5be5 with 8bc46446-73b9-46f3-8673-a9e1e5431af5
&amp#27;[35m[HTTP]&amp#27;[39m &amp#27;[37m<-- GET /wd/hub/session/8bc46446-73b9-46f3-8673-a9e1e5431af5/element/00000000-0000-0138-7fff-ffff000000ad/text &amp#27;[39m&amp#27;[32m200&amp#27;[39m &amp#27;[90m16 ms - 73&amp#27;[39m
&amp#27;[35m[HTTP]&amp#27;[39m &amp#27;[90m&amp#27;[39m
&amp#27;[35m[HTTP]&amp#27;[39m &amp#27;[37m-->&amp#27;[39m &amp#27;[37mGET&amp#27;[39m &amp#27;[37m/wd/hub/session/8bc46446-73b9-46f3-8673-a9e1e5431af5/context&amp#27;[39m
&amp#27;[35m[HTTP]&amp#27;[39m &amp#27;[90m{}&amp#27;[39m
[debug] &amp#27;[35m[W3C (8bc46446)]&amp#27;[39m Calling AppiumDriver.getCurrentContext() with args: ["8bc46446-73b9-46f3-8673-a9e1e5431af5"]
[debug] &amp#27;[35m[W3C (8bc46446)]&amp#27;[39m Responding to client with driver.getCurrentContext() result: "NATIVE_APP"
&amp#27;[35m[HTTP]&amp#27;[39m &amp#27;[37m<-- GET /wd/hub/session/8bc46446-73b9-46f3-8673-a9e1e5431af5/context &amp#27;[39m&amp#27;[32m200&amp#27;[39m &amp#27;[90m1 ms - 22&amp#27;[39m
&amp#27;[35m[HTTP]&amp#27;[39m &amp#27;[90m&amp#27;[39m
&amp#27;[35m[HTTP]&amp#27;[39m &amp#27;[37m-->&amp#27;[39m &amp#27;[37mPOST&amp#27;[39m &amp#27;[37m/wd/hub/session/8bc46446-73b9-46f3-8673-a9e1e5431af5/element&amp#27;[39m
&amp#27;[35m[HTTP]&amp#27;[39m &amp#27;[90m{"using":"id","value":"android:id/message"}&amp#27;[39m
[debug] &amp#27;[35m[W3C (8bc46446)]&amp#27;[39m Calling AppiumDriver.findElement() with args: ["id","android:id/message","8bc46446-73b9-46f3-8673-a9e1e5431af5"]
[debug] &amp#27;[35m[BaseDriver]&amp#27;[39m Valid locator strategies for this request: xpath, id, class name, accessibility id, css selector, -android uiautomator
[debug] &amp#27;[35m[BaseDriver]&amp#27;[39m Waiting up to 30000 ms for condition
[debug] &amp#27;[35m[WD Proxy]&amp#27;[39m Matched '/element' to command name 'findElement'
[debug] &amp#27;[35m[WD Proxy]&amp#27;[39m Proxying [POST /element] to [POST http://127.0.0.1:8204/wd/hub/session/1ba6c3f2-83d8-4411-bd70-b85c0b3a5be5/element] with body: {"strategy":"id","selector":"android:id/message","context":"","multiple":false}
[debug] &amp#27;[35m[WD Proxy]&amp#27;[39m Got response with status 200: {"sessionId":"1ba6c3f2-83d8-4411-bd70-b85c0b3a5be5","value":{"ELEMENT":"00000000-0000-0138-7fff-ffff000000ac","element-6066-11e4-a52e-4f735466cecf":"00000000-0000-0138-7fff-ffff000000ac"}}
[debug] &amp#27;[35m[W3C (8bc46446)]&amp#27;[39m Responding to client with driver.findElement() result: {"element-6066-11e4-a52e-4f735466cecf":"00000000-0000-0138-7fff-ffff000000ac","ELEMENT":"00000000-0000-0138-7fff-ffff000000ac"}
&amp#27;[35m[HTTP]&amp#27;[39m &amp#27;[37m<-- POST /wd/hub/session/8bc46446-73b9-46f3-8673-a9e1e5431af5/element &amp#27;[39m&amp#27;[32m200&amp#27;[39m &amp#27;[90m29 ms - 137&amp#27;[39m
&amp#27;[35m[HTTP]&amp#27;[39m &amp#27;[90m&amp#27;[39m
&amp#27;[35m[HTTP]&amp#27;[39m &amp#27;[37m-->&amp#27;[39m &amp#27;[37mGET&amp#27;[39m &amp#27;[37m/wd/hub/session/8bc46446-73b9-46f3-8673-a9e1e5431af5/element/00000000-0000-0138-7fff-ffff000000ac/displayed&amp#27;[39m
&amp#27;[35m[HTTP]&amp#27;[39m &amp#27;[90m{}&amp#27;[39m
[debug] &amp#27;[35m[W3C (8bc46446)]&amp#27;[39m Calling AppiumDriver.elementDisplayed() with args: ["00000000-0000-0138-7fff-ffff000000ac","8bc46446-73b9-46f3-8673-a9e1e5431af5"]
[debug] &amp#27;[35m[WD Proxy]&amp#27;[39m Matched '/element/00000000-0000-0138-7fff-ffff000000ac/attribute/displayed' to command name 'getAttribute'
[debug] &amp#27;[35m[WD Proxy]&amp#27;[39m Proxying [GET /element/00000000-0000-0138-7fff-ffff000000ac/attribute/displayed] to [GET http://127.0.0.1:8204/wd/hub/session/1ba6c3f2-83d8-4411-bd70-b85c0b3a5be5/element/00000000-0000-0138-7fff-ffff000000ac/attribute/displayed] with no body
[debug] &amp#27;[35m[WD Proxy]&amp#27;[39m Got response with status 200: {"sessionId":"1ba6c3f2-83d8-4411-bd70-b85c0b3a5be5","value":"true"}
[debug] &amp#27;[35m[W3C (8bc46446)]&amp#27;[39m Responding to client with driver.elementDisplayed() result: true
&amp#27;[35m[HTTP]&amp#27;[39m &amp#27;[37m<-- GET /wd/hub/session/8bc46446-73b9-46f3-8673-a9e1e5431af5/element/00000000-0000-0138-7fff-ffff000000ac/displayed &amp#27;[39m&amp#27;[32m200&amp#27;[39m &amp#27;[90m16 ms - 14&amp#27;[39m
&amp#27;[35m[HTTP]&amp#27;[39m &amp#27;[90m&amp#27;[39m
&amp#27;[35m[HTTP]&amp#27;[39m &amp#27;[37m-->&amp#27;[39m &amp#27;[37mGET&amp#27;[39m &amp#27;[37m/wd/hub/session/8bc46446-73b9-46f3-8673-a9e1e5431af5/context&amp#27;[39m
&amp#27;[35m[HTTP]&amp#27;[39m &amp#27;[90m{}&amp#27;[39m
[debug] &amp#27;[35m[W3C (8bc46446)]&amp#27;[39m Calling AppiumDriver.getCurrentContext() with args: ["8bc46446-73b9-46f3-8673-a9e1e5431af5"]
[debug] &amp#27;[35m[W3C (8bc46446)]&amp#27;[39m Responding to client with driver.getCurrentContext() result: "NATIVE_APP"
&amp#27;[35m[HTTP]&amp#27;[39m &amp#27;[37m<-- GET /wd/hub/session/8bc46446-73b9-46f3-8673-a9e1e5431af5/context &amp#27;[39m&amp#27;[32m200&amp#27;[39m &amp#27;[90m1 ms - 22&amp#27;[39m
&amp#27;[35m[HTTP]&amp#27;[39m &amp#27;[90m&amp#27;[39m
&amp#27;[35m[HTTP]&amp#27;[39m &amp#27;[37m-->&amp#27;[39m &amp#27;[37mPOST&amp#27;[39m &amp#27;[37m/wd/hub/session/8bc46446-73b9-46f3-8673-a9e1e5431af5/element&amp#27;[39m
&amp#27;[35m[HTTP]&amp#27;[39m &amp#27;[90m{"using":"id","value":"android:id/message"}&amp#27;[39m
[debug] &amp#27;[35m[W3C (8bc46446)]&amp#27;[39m Calling AppiumDriver.findElement() with args: ["id","android:id/message","8bc46446-73b9-46f3-8673-a9e1e5431af5"]
[debug] &amp#27;[35m[BaseDriver]&amp#27;[39m Valid locator strategies for this request: xpath, id, class name, accessibility id, css selector, -android uiautomator
[debug] &amp#27;[35m[BaseDriver]&amp#27;[39m Waiting up to 30000 ms for condition
[debug] &amp#27;[35m[WD Proxy]&amp#27;[39m Matched '/element' to command name 'findElement'
[debug] &amp#27;[35m[WD Proxy]&amp#27;[39m Proxying [POST /element] to [POST http://127.0.0.1:8204/wd/hub/session/1ba6c3f2-83d8-4411-bd70-b85c0b3a5be5/element] with body: {"strategy":"id","selector":"android:id/message","context":"","multiple":false}
[debug] &amp#27;[35m[WD Proxy]&amp#27;[39m Got response with status 200: {"sessionId":"1ba6c3f2-83d8-4411-bd70-b85c0b3a5be5","value":{"ELEMENT":"00000000-0000-0138-7fff-ffff000000ac","element-6066-11e4-a52e-4f735466cecf":"00000000-0000-0138-7fff-ffff000000ac"}}
[debug] &amp#27;[35m[W3C (8bc46446)]&amp#27;[39m Responding to client with driver.findElement() result: {"element-6066-11e4-a52e-4f735466cecf":"00000000-0000-0138-7fff-ffff000000ac","ELEMENT":"00000000-0000-0138-7fff-ffff000000ac"}
&amp#27;[35m[HTTP]&amp#27;[39m &amp#27;[37m<-- POST /wd/hub/session/8bc46446-73b9-46f3-8673-a9e1e5431af5/element &amp#27;[39m&amp#27;[32m200&amp#27;[39m &amp#27;[90m34 ms - 137&amp#27;[39m
&amp#27;[35m[HTTP]&amp#27;[39m &amp#27;[90m&amp#27;[39m
&amp#27;[35m[HTTP]&amp#27;[39m &amp#27;[37m-->&amp#27;[39m &amp#27;[37mGET&amp#27;[39m &amp#27;[37m/wd/hub/session/8bc46446-73b9-46f3-8673-a9e1e5431af5/element/00000000-0000-0138-7fff-ffff000000ac/text&amp#27;[39m
&amp#27;[35m[HTTP]&amp#27;[39m &amp#27;[90m{}&amp#27;[39m
&amp#27;[35m[W3C (8bc46446)]&amp#27;[39m Driver proxy active, passing request on via HTTP proxy
[debug] &amp#27;[35m[WD Proxy]&amp#27;[39m Matched '/wd/hub/session/8bc46446-73b9-46f3-8673-a9e1e5431af5/element/00000000-0000-0138-7fff-ffff000000ac/text' to command name 'getText'
[debug] &amp#27;[35m[WD Proxy]&amp#27;[39m Proxying [GET /wd/hub/session/8bc46446-73b9-46f3-8673-a9e1e5431af5/element/00000000-0000-0138-7fff-ffff000000ac/text] to [GET http://127.0.0.1:8204/wd/hub/session/1ba6c3f2-83d8-4411-bd70-b85c0b3a5be5/element/00000000-0000-0138-7fff-ffff000000ac/text] with no body
[debug] &amp#27;[35m[WD Proxy]&amp#27;[39m Got response with status 200: {"sessionId":"1ba6c3f2-83d8-4411-bd70-b85c0b3a5be5","value":"You successfully signed up!"}
&amp#27;[35m[WD Proxy]&amp#27;[39m Replacing sessionId 1ba6c3f2-83d8-4411-bd70-b85c0b3a5be5 with 8bc46446-73b9-46f3-8673-a9e1e5431af5
&amp#27;[35m[HTTP]&amp#27;[39m &amp#27;[37m<-- GET /wd/hub/session/8bc46446-73b9-46f3-8673-a9e1e5431af5/element/00000000-0000-0138-7fff-ffff000000ac/text &amp#27;[39m&amp#27;[32m200&amp#27;[39m &amp#27;[90m21 ms - 90&amp#27;[39m
&amp#27;[35m[HTTP]&amp#27;[39m &amp#27;[90m&amp#27;[39m
&amp#27;[35m[HTTP]&amp#27;[39m &amp#27;[37m-->&amp#27;[39m &amp#27;[37mGET&amp#27;[39m &amp#27;[37m/wd/hub/session/8bc46446-73b9-46f3-8673-a9e1e5431af5/context&amp#27;[39m
&amp#27;[35m[HTTP]&amp#27;[39m &amp#27;[90m{}&amp#27;[39m
[debug] &amp#27;[35m[W3C (8bc46446)]&amp#27;[39m Calling AppiumDriver.getCurrentContext() with args: ["8bc46446-73b9-46f3-8673-a9e1e5431af5"]
[debug] &amp#27;[35m[W3C (8bc46446)]&amp#27;[39m Responding to client with driver.getCurrentContext() result: "NATIVE_APP"
&amp#27;[35m[HTTP]&amp#27;[39m &amp#27;[37m<-- GET /wd/hub/session/8bc46446-73b9-46f3-8673-a9e1e5431af5/context &amp#27;[39m&amp#27;[32m200&amp#27;[39m &amp#27;[90m1 ms - 22&amp#27;[39m
&amp#27;[35m[HTTP]&amp#27;[39m &amp#27;[90m&amp#27;[39m
&amp#27;[35m[HTTP]&amp#27;[39m &amp#27;[37m-->&amp#27;[39m &amp#27;[37mPOST&amp#27;[39m &amp#27;[37m/wd/hub/session/8bc46446-73b9-46f3-8673-a9e1e5431af5/element&amp#27;[39m
&amp#27;[35m[HTTP]&amp#27;[39m &amp#27;[90m{"using":"id","value":"android:id/button1"}&amp#27;[39m
[debug] &amp#27;[35m[W3C (8bc46446)]&amp#27;[39m Calling AppiumDriver.findElement() with args: ["id","android:id/button1","8bc46446-73b9-46f3-8673-a9e1e5431af5"]
[debug] &amp#27;[35m[BaseDriver]&amp#27;[39m Valid locator strategies for this request: xpath, id, class name, accessibility id, css selector, -android uiautomator
[debug] &amp#27;[35m[BaseDriver]&amp#27;[39m Waiting up to 30000 ms for condition
[debug] &amp#27;[35m[WD Proxy]&amp#27;[39m Matched '/element' to command name 'findElement'
[debug] &amp#27;[35m[WD Proxy]&amp#27;[39m Proxying [POST /element] to [POST http://127.0.0.1:8204/wd/hub/session/1ba6c3f2-83d8-4411-bd70-b85c0b3a5be5/element] with body: {"strategy":"id","selector":"android:id/button1","context":"","multiple":false}
[debug] &amp#27;[35m[WD Proxy]&amp#27;[39m Got response with status 200: {"sessionId":"1ba6c3f2-83d8-4411-bd70-b85c0b3a5be5","value":{"ELEMENT":"00000000-0000-0138-7fff-ffff000000b9","element-6066-11e4-a52e-4f735466cecf":"00000000-0000-0138-7fff-ffff000000b9"}}
[debug] &amp#27;[35m[W3C (8bc46446)]&amp#27;[39m Responding to client with driver.findElement() result: {"element-6066-11e4-a52e-4f735466cecf":"00000000-0000-0138-7fff-ffff000000b9","ELEMENT":"00000000-0000-0138-7fff-ffff000000b9"}
&amp#27;[35m[HTTP]&amp#27;[39m &amp#27;[37m<-- POST /wd/hub/session/8bc46446-73b9-46f3-8673-a9e1e5431af5/element &amp#27;[39m&amp#27;[32m200&amp#27;[39m &amp#27;[90m24 ms - 137&amp#27;[39m
&amp#27;[35m[HTTP]&amp#27;[39m &amp#27;[90m&amp#27;[39m
&amp#27;[35m[HTTP]&amp#27;[39m &amp#27;[37m-->&amp#27;[39m &amp#27;[37mGET&amp#27;[39m &amp#27;[37m/wd/hub/session/8bc46446-73b9-46f3-8673-a9e1e5431af5/element/00000000-0000-0138-7fff-ffff000000b9/displayed&amp#27;[39m
&amp#27;[35m[HTTP]&amp#27;[39m &amp#27;[90m{}&amp#27;[39m
[debug] &amp#27;[35m[W3C (8bc46446)]&amp#27;[39m Calling AppiumDriver.elementDisplayed() with args: ["00000000-0000-0138-7fff-ffff000000b9","8bc46446-73b9-46f3-8673-a9e1e5431af5"]
[debug] &amp#27;[35m[WD Proxy]&amp#27;[39m Matched '/element/00000000-0000-0138-7fff-ffff000000b9/attribute/displayed' to command name 'getAttribute'
[debug] &amp#27;[35m[WD Proxy]&amp#27;[39m Proxying [GET /element/00000000-0000-0138-7fff-ffff000000b9/attribute/displayed] to [GET http://127.0.0.1:8204/wd/hub/session/1ba6c3f2-83d8-4411-bd70-b85c0b3a5be5/element/00000000-0000-0138-7fff-ffff000000b9/attribute/displayed] with no body
[debug] &amp#27;[35m[WD Proxy]&amp#27;[39m Got response with status 200: {"sessionId":"1ba6c3f2-83d8-4411-bd70-b85c0b3a5be5","value":"true"}
[debug] &amp#27;[35m[W3C (8bc46446)]&amp#27;[39m Responding to client with driver.elementDisplayed() result: true
&amp#27;[35m[HTTP]&amp#27;[39m &amp#27;[37m<-- GET /wd/hub/session/8bc46446-73b9-46f3-8673-a9e1e5431af5/element/00000000-0000-0138-7fff-ffff000000b9/displayed &amp#27;[39m&amp#27;[32m200&amp#27;[39m &amp#27;[90m15 ms - 14&amp#27;[39m
&amp#27;[35m[HTTP]&amp#27;[39m &amp#27;[90m&amp#27;[39m
&amp#27;[35m[HTTP]&amp#27;[39m &amp#27;[37m-->&amp#27;[39m &amp#27;[37mGET&amp#27;[39m &amp#27;[37m/wd/hub/session/8bc46446-73b9-46f3-8673-a9e1e5431af5/context&amp#27;[39m
&amp#27;[35m[HTTP]&amp#27;[39m &amp#27;[90m{}&amp#27;[39m
[debug] &amp#27;[35m[W3C (8bc46446)]&amp#27;[39m Calling AppiumDriver.getCurrentContext() with args: ["8bc46446-73b9-46f3-8673-a9e1e5431af5"]
[debug] &amp#27;[35m[W3C (8bc46446)]&amp#27;[39m Responding to client with driver.getCurrentContext() result: "NATIVE_APP"
&amp#27;[35m[HTTP]&amp#27;[39m &amp#27;[37m<-- GET /wd/hub/session/8bc46446-73b9-46f3-8673-a9e1e5431af5/context &amp#27;[39m&amp#27;[32m200&amp#27;[39m &amp#27;[90m1 ms - 22&amp#27;[39m
&amp#27;[35m[HTTP]&amp#27;[39m &amp#27;[90m&amp#27;[39m
&amp#27;[35m[HTTP]&amp#27;[39m &amp#27;[37m-->&amp#27;[39m &amp#27;[37mPOST&amp#27;[39m &amp#27;[37m/wd/hub/session/8bc46446-73b9-46f3-8673-a9e1e5431af5/element&amp#27;[39m
&amp#27;[35m[HTTP]&amp#27;[39m &amp#27;[90m{"using":"id","value":"android:id/button1"}&amp#27;[39m
[debug] &amp#27;[35m[W3C (8bc46446)]&amp#27;[39m Calling AppiumDriver.findElement() with args: ["id","android:id/button1","8bc46446-73b9-46f3-8673-a9e1e5431af5"]
[debug] &amp#27;[35m[BaseDriver]&amp#27;[39m Valid locator strategies for this request: xpath, id, class name, accessibility id, css selector, -android uiautomator
[debug] &amp#27;[35m[BaseDriver]&amp#27;[39m Waiting up to 30000 ms for condition
[debug] &amp#27;[35m[WD Proxy]&amp#27;[39m Matched '/element' to command name 'findElement'
[debug] &amp#27;[35m[WD Proxy]&amp#27;[39m Proxying [POST /element] to [POST http://127.0.0.1:8204/wd/hub/session/1ba6c3f2-83d8-4411-bd70-b85c0b3a5be5/element] with body: {"strategy":"id","selector":"android:id/button1","context":"","multiple":false}
[debug] &amp#27;[35m[WD Proxy]&amp#27;[39m Got response with status 200: {"sessionId":"1ba6c3f2-83d8-4411-bd70-b85c0b3a5be5","value":{"ELEMENT":"00000000-0000-0138-7fff-ffff000000b9","element-6066-11e4-a52e-4f735466cecf":"00000000-0000-0138-7fff-ffff000000b9"}}
[debug] &amp#27;[35m[W3C (8bc46446)]&amp#27;[39m Responding to client with driver.findElement() result: {"element-6066-11e4-a52e-4f735466cecf":"00000000-0000-0138-7fff-ffff000000b9","ELEMENT":"00000000-0000-0138-7fff-ffff000000b9"}
&amp#27;[35m[HTTP]&amp#27;[39m &amp#27;[37m<-- POST /wd/hub/session/8bc46446-73b9-46f3-8673-a9e1e5431af5/element &amp#27;[39m&amp#27;[32m200&amp#27;[39m &amp#27;[90m19 ms - 137&amp#27;[39m
&amp#27;[35m[HTTP]&amp#27;[39m &amp#27;[90m&amp#27;[39m
&amp#27;[35m[HTTP]&amp#27;[39m &amp#27;[37m-->&amp#27;[39m &amp#27;[37mPOST&amp#27;[39m &amp#27;[37m/wd/hub/session/8bc46446-73b9-46f3-8673-a9e1e5431af5/element/00000000-0000-0138-7fff-ffff000000b9/click&amp#27;[39m
&amp#27;[35m[HTTP]&amp#27;[39m &amp#27;[90m{"id":"00000000-0000-0138-7fff-ffff000000b9"}&amp#27;[39m
[debug] &amp#27;[35m[W3C (8bc46446)]&amp#27;[39m Calling AppiumDriver.click() with args: ["00000000-0000-0138-7fff-ffff000000b9","8bc46446-73b9-46f3-8673-a9e1e5431af5"]
[debug] &amp#27;[35m[WD Proxy]&amp#27;[39m Matched '/element/00000000-0000-0138-7fff-ffff000000b9/click' to command name 'click'
[debug] &amp#27;[35m[WD Proxy]&amp#27;[39m Proxying [POST /element/00000000-0000-0138-7fff-ffff000000b9/click] to [POST http://127.0.0.1:8204/wd/hub/session/1ba6c3f2-83d8-4411-bd70-b85c0b3a5be5/element/00000000-0000-0138-7fff-ffff000000b9/click] with body: {"element":"00000000-0000-0138-7fff-ffff000000b9"}
[debug] &amp#27;[35m[WD Proxy]&amp#27;[39m Got response with status 200: {"sessionId":"1ba6c3f2-83d8-4411-bd70-b85c0b3a5be5","value":null}
[debug] &amp#27;[35m[W3C (8bc46446)]&amp#27;[39m Responding to client with driver.click() result: null
&amp#27;[35m[HTTP]&amp#27;[39m &amp#27;[37m<-- POST /wd/hub/session/8bc46446-73b9-46f3-8673-a9e1e5431af5/element/00000000-0000-0138-7fff-ffff000000b9/click &amp#27;[39m&amp#27;[32m200&amp#27;[39m &amp#27;[90m25 ms - 14&amp#27;[39m
&amp#27;[35m[HTTP]&amp#27;[39m &amp#27;[90m&amp#27;[39m
]]></system-out>
  </testcase>
</testsuite>