<?xml version="1.0" encoding="UTF-8"?>
<testng-results skipped="0" failed="2" ignored="0" total="8" passed="6">
  <reporter-output>
  </reporter-output>
  <suite name="Regression" duration-ms="43415" started-at="2021-12-15T04:35:00 ICT" finished-at="2021-12-15T04:35:44 ICT">
    <groups>
    </groups>
    <test name="Login Test | AVD Pixel 3XL" duration-ms="39723" started-at="2021-12-15T04:35:00 ICT" finished-at="2021-12-15T04:35:40 ICT">
      <class name="TestNG.TestLoginPage.LoginTest">
        <test-method status="PASS" signature="beforeTest(java.lang.String,java.lang.String,java.lang.String,java.lang.String)[pri:0, instance:TestNG.TestLoginPage.LoginTest@425357dd]" name="beforeTest" is-config="true" duration-ms="32" started-at="2021-12-15T04:35:00 ICT" finished-at="2021-12-15T04:35:00 ICT">
          <params>
            <param index="0">
              <value>
                <![CDATA[emulator-5554]]>
              </value>
            </param>
            <param index="1">
              <value>
                <![CDATA[8000]]>
              </value>
            </param>
            <param index="2">
              <value>
                <![CDATA[8400]]>
              </value>
            </param>
            <param index="3">
              <value>
                <![CDATA[Pixel_3]]>
              </value>
            </param>
          </params>
          <reporter-output>
          </reporter-output>
        </test-method> <!-- beforeTest -->
        <test-method status="PASS" signature="beforeMethod()[pri:0, instance:TestNG.TestLoginPage.LoginTest@425357dd]" name="beforeMethod" is-config="true" duration-ms="27" started-at="2021-12-15T04:35:01 ICT" finished-at="2021-12-15T04:35:01 ICT">
          <reporter-output>
          </reporter-output>
        </test-method> <!-- beforeMethod -->
        <test-method status="PASS" signature="loginWithInvalidCreds(test_data.authentication.LoginCreds)[pri:1, instance:TestNG.TestLoginPage.LoginTest@425357dd]" name="loginWithInvalidCreds" duration-ms="12455" started-at="2021-12-15T04:35:01 ICT" description="Login Test With Invalid Creds" data-provider="invalidLoginCredsData" finished-at="2021-12-15T04:35:13 ICT">
          <params>
            <param index="0">
              <value>
                <![CDATA[LoginCreds{username='Tunghuynh@gmail.com', password='1234'}]]>
              </value>
            </param>
          </params>
          <reporter-output>
          </reporter-output>
        </test-method> <!-- loginWithInvalidCreds -->
        <test-method status="PASS" signature="onTestFailure(org.testng.ITestResult)[pri:0, instance:TestNG.TestLoginPage.LoginTest@425357dd]" name="onTestFailure" is-config="true" duration-ms="2" started-at="2021-12-15T04:35:13 ICT" finished-at="2021-12-15T04:35:13 ICT">
          <params>
            <param index="0">
              <value>
                <![CDATA[[TestResult name=loginWithInvalidCreds status=SUCCESS method=LoginTest.loginWithInvalidCreds(test_data.authentication.LoginCreds)[pri:1, instance:TestNG.TestLoginPage.LoginTest@425357dd] output={null}]]]>
              </value>
            </param>
          </params>
          <reporter-output>
          </reporter-output>
        </test-method> <!-- onTestFailure -->
        <test-method status="PASS" signature="beforeMethod()[pri:0, instance:TestNG.TestLoginPage.LoginTest@425357dd]" name="beforeMethod" is-config="true" duration-ms="1" started-at="2021-12-15T04:35:13 ICT" finished-at="2021-12-15T04:35:13 ICT">
          <reporter-output>
          </reporter-output>
        </test-method> <!-- beforeMethod -->
        <test-method status="PASS" signature="loginWithInvalidCreds(test_data.authentication.LoginCreds)[pri:1, instance:TestNG.TestLoginPage.LoginTest@425357dd]" name="loginWithInvalidCreds" duration-ms="13173" started-at="2021-12-15T04:35:13 ICT" description="Login Test With Invalid Creds" data-provider="invalidLoginCredsData" finished-at="2021-12-15T04:35:26 ICT">
          <params>
            <param index="0">
              <value>
                <![CDATA[LoginCreds{username='tunghuynh.gmail.com', password='12345678'}]]>
              </value>
            </param>
          </params>
          <reporter-output>
          </reporter-output>
        </test-method> <!-- loginWithInvalidCreds -->
        <test-method status="PASS" signature="onTestFailure(org.testng.ITestResult)[pri:0, instance:TestNG.TestLoginPage.LoginTest@425357dd]" name="onTestFailure" is-config="true" duration-ms="0" started-at="2021-12-15T04:35:26 ICT" finished-at="2021-12-15T04:35:26 ICT">
          <params>
            <param index="0">
              <value>
                <![CDATA[[TestResult name=loginWithInvalidCreds status=SUCCESS method=LoginTest.loginWithInvalidCreds(test_data.authentication.LoginCreds)[pri:1, instance:TestNG.TestLoginPage.LoginTest@425357dd] output={null}]]]>
              </value>
            </param>
          </params>
          <reporter-output>
          </reporter-output>
        </test-method> <!-- onTestFailure -->
        <test-method status="PASS" signature="beforeMethod()[pri:0, instance:TestNG.TestLoginPage.LoginTest@425357dd]" name="beforeMethod" is-config="true" duration-ms="1" started-at="2021-12-15T04:35:26 ICT" finished-at="2021-12-15T04:35:26 ICT">
          <reporter-output>
          </reporter-output>
        </test-method> <!-- beforeMethod -->
        <test-method status="PASS" signature="loginWithInvalidCreds(test_data.authentication.LoginCreds)[pri:1, instance:TestNG.TestLoginPage.LoginTest@425357dd]" name="loginWithInvalidCreds" duration-ms="13716" started-at="2021-12-15T04:35:26 ICT" description="Login Test With Invalid Creds" data-provider="invalidLoginCredsData" finished-at="2021-12-15T04:35:40 ICT">
          <params>
            <param index="0">
              <value>
                <![CDATA[LoginCreds{username='tunghuynh@', password='123456'}]]>
              </value>
            </param>
          </params>
          <reporter-output>
          </reporter-output>
        </test-method> <!-- loginWithInvalidCreds -->
        <test-method status="PASS" signature="onTestFailure(org.testng.ITestResult)[pri:0, instance:TestNG.TestLoginPage.LoginTest@425357dd]" name="onTestFailure" is-config="true" duration-ms="1" started-at="2021-12-15T04:35:40 ICT" finished-at="2021-12-15T04:35:40 ICT">
          <params>
            <param index="0">
              <value>
                <![CDATA[[TestResult name=loginWithInvalidCreds status=SUCCESS method=LoginTest.loginWithInvalidCreds(test_data.authentication.LoginCreds)[pri:1, instance:TestNG.TestLoginPage.LoginTest@425357dd] output={null}]]]>
              </value>
            </param>
          </params>
          <reporter-output>
          </reporter-output>
        </test-method> <!-- onTestFailure -->
        <test-method status="FAIL" signature="loginWithValidCreds(test_data.authentication.LoginCreds)[pri:2, instance:TestNG.TestLoginPage.LoginTest@425357dd]" name="loginWithValidCreds" duration-ms="0" started-at="2021-12-15T04:35:40 ICT" description="Login Test With Valid Creds" data-provider="validLoginCredsData" finished-at="2021-12-15T04:35:40 ICT">
          <exception class="org.testng.TestNGException">
            <message>
              <![CDATA[
Data Provider public test_data.authentication.LoginCreds[] TestNG.TestLoginPage.LoginTest.validLoginCredsData() returned a null value]]>
            </message>
            <full-stacktrace>
              <![CDATA[org.testng.TestNGException: 
Data Provider public test_data.authentication.LoginCreds[] TestNG.TestLoginPage.LoginTest.validLoginCredsData() returned a null value
at org.testng.internal.MethodInvocationHelper.invokeDataProvider(MethodInvocationHelper.java:148)
at org.testng.internal.Parameters.handleParameters(Parameters.java:798)
at org.testng.internal.Parameters.handleParameters(Parameters.java:740)
at org.testng.internal.ParameterHandler.handleParameters(ParameterHandler.java:59)
at org.testng.internal.ParameterHandler.createParameters(ParameterHandler.java:38)
at org.testng.internal.TestInvoker$MethodInvocationAgent.invoke(TestInvoker.java:791)
at org.testng.internal.TestInvoker.invokeTestMethods(TestInvoker.java:146)
at org.testng.internal.TestMethodWorker.invokeTestMethods(TestMethodWorker.java:146)
at org.testng.internal.TestMethodWorker.run(TestMethodWorker.java:128)
at java.util.ArrayList.forEach(ArrayList.java:1257)
at org.testng.TestRunner.privateRun(TestRunner.java:794)
at org.testng.TestRunner.run(TestRunner.java:596)
at org.testng.SuiteRunner.runTest(SuiteRunner.java:377)
at org.testng.SuiteRunner.access$000(SuiteRunner.java:28)
at org.testng.SuiteRunner$SuiteWorker.run(SuiteRunner.java:418)
at org.testng.internal.thread.ThreadUtil.lambda$execute$0(ThreadUtil.java:64)
at java.util.concurrent.FutureTask.run(FutureTask.java:266)
at java.util.concurrent.ThreadPoolExecutor.runWorker(ThreadPoolExecutor.java:1149)
at java.util.concurrent.ThreadPoolExecutor$Worker.run(ThreadPoolExecutor.java:624)
at java.lang.Thread.run(Thread.java:748)
]]>
            </full-stacktrace>
          </exception> <!-- org.testng.TestNGException -->
          <reporter-output>
          </reporter-output>
        </test-method> <!-- loginWithValidCreds -->
        <test-method status="PASS" signature="afterSuite()[pri:0, instance:TestNG.TestLoginPage.LoginTest@425357dd]" name="afterSuite" is-config="true" duration-ms="639" started-at="2021-12-15T04:35:44 ICT" finished-at="2021-12-15T04:35:44 ICT">
          <reporter-output>
          </reporter-output>
        </test-method> <!-- afterSuite -->
      </class> <!-- TestNG.TestLoginPage.LoginTest -->
    </test> <!-- Login Test | AVD Pixel 3XL -->
    <test name="Login Test | Z5 Premium" duration-ms="43415" started-at="2021-12-15T04:35:00 ICT" finished-at="2021-12-15T04:35:44 ICT">
      <class name="TestNG.TestLoginPage.LoginTest">
        <test-method status="PASS" signature="beforeTest(java.lang.String,java.lang.String,java.lang.String,java.lang.String)[pri:0, instance:TestNG.TestLoginPage.LoginTest@2ad3a1bb]" name="beforeTest" is-config="true" duration-ms="32" started-at="2021-12-15T04:35:00 ICT" finished-at="2021-12-15T04:35:00 ICT">
          <params>
            <param index="0">
              <value>
                <![CDATA[CB5A2BZKHF]]>
              </value>
            </param>
            <param index="1">
              <value>
                <![CDATA[7000]]>
              </value>
            </param>
            <param index="2">
              <value>
                <![CDATA[8300]]>
              </value>
            </param>
            <param index="3">
              <value>
                <![CDATA[Z5 Prem]]>
              </value>
            </param>
          </params>
          <reporter-output>
          </reporter-output>
        </test-method> <!-- beforeTest -->
        <test-method status="PASS" signature="beforeMethod()[pri:0, instance:TestNG.TestLoginPage.LoginTest@2ad3a1bb]" name="beforeMethod" is-config="true" duration-ms="27" started-at="2021-12-15T04:35:01 ICT" finished-at="2021-12-15T04:35:01 ICT">
          <reporter-output>
          </reporter-output>
        </test-method> <!-- beforeMethod -->
        <test-method status="PASS" signature="loginWithInvalidCreds(test_data.authentication.LoginCreds)[pri:1, instance:TestNG.TestLoginPage.LoginTest@2ad3a1bb]" name="loginWithInvalidCreds" duration-ms="21407" started-at="2021-12-15T04:35:01 ICT" description="Login Test With Invalid Creds" data-provider="invalidLoginCredsData" finished-at="2021-12-15T04:35:22 ICT">
          <params>
            <param index="0">
              <value>
                <![CDATA[LoginCreds{username='Tunghuynh@gmail.com', password='1234'}]]>
              </value>
            </param>
          </params>
          <reporter-output>
          </reporter-output>
        </test-method> <!-- loginWithInvalidCreds -->
        <test-method status="PASS" signature="onTestFailure(org.testng.ITestResult)[pri:0, instance:TestNG.TestLoginPage.LoginTest@2ad3a1bb]" name="onTestFailure" is-config="true" duration-ms="1" started-at="2021-12-15T04:35:22 ICT" finished-at="2021-12-15T04:35:22 ICT">
          <params>
            <param index="0">
              <value>
                <![CDATA[[TestResult name=loginWithInvalidCreds status=SUCCESS method=LoginTest.loginWithInvalidCreds(test_data.authentication.LoginCreds)[pri:1, instance:TestNG.TestLoginPage.LoginTest@2ad3a1bb] output={null}]]]>
              </value>
            </param>
          </params>
          <reporter-output>
          </reporter-output>
        </test-method> <!-- onTestFailure -->
        <test-method status="PASS" signature="beforeMethod()[pri:0, instance:TestNG.TestLoginPage.LoginTest@2ad3a1bb]" name="beforeMethod" is-config="true" duration-ms="1" started-at="2021-12-15T04:35:22 ICT" finished-at="2021-12-15T04:35:22 ICT">
          <reporter-output>
          </reporter-output>
        </test-method> <!-- beforeMethod -->
        <test-method status="PASS" signature="loginWithInvalidCreds(test_data.authentication.LoginCreds)[pri:1, instance:TestNG.TestLoginPage.LoginTest@2ad3a1bb]" name="loginWithInvalidCreds" duration-ms="13169" started-at="2021-12-15T04:35:22 ICT" description="Login Test With Invalid Creds" data-provider="invalidLoginCredsData" finished-at="2021-12-15T04:35:35 ICT">
          <params>
            <param index="0">
              <value>
                <![CDATA[LoginCreds{username='tunghuynh.gmail.com', password='12345678'}]]>
              </value>
            </param>
          </params>
          <reporter-output>
          </reporter-output>
        </test-method> <!-- loginWithInvalidCreds -->
        <test-method status="PASS" signature="onTestFailure(org.testng.ITestResult)[pri:0, instance:TestNG.TestLoginPage.LoginTest@2ad3a1bb]" name="onTestFailure" is-config="true" duration-ms="1" started-at="2021-12-15T04:35:35 ICT" finished-at="2021-12-15T04:35:35 ICT">
          <params>
            <param index="0">
              <value>
                <![CDATA[[TestResult name=loginWithInvalidCreds status=SUCCESS method=LoginTest.loginWithInvalidCreds(test_data.authentication.LoginCreds)[pri:1, instance:TestNG.TestLoginPage.LoginTest@2ad3a1bb] output={null}]]]>
              </value>
            </param>
          </params>
          <reporter-output>
          </reporter-output>
        </test-method> <!-- onTestFailure -->
        <test-method status="PASS" signature="beforeMethod()[pri:0, instance:TestNG.TestLoginPage.LoginTest@2ad3a1bb]" name="beforeMethod" is-config="true" duration-ms="1" started-at="2021-12-15T04:35:35 ICT" finished-at="2021-12-15T04:35:35 ICT">
          <reporter-output>
          </reporter-output>
        </test-method> <!-- beforeMethod -->
        <test-method status="PASS" signature="loginWithInvalidCreds(test_data.authentication.LoginCreds)[pri:1, instance:TestNG.TestLoginPage.LoginTest@2ad3a1bb]" name="loginWithInvalidCreds" duration-ms="8479" started-at="2021-12-15T04:35:35 ICT" description="Login Test With Invalid Creds" data-provider="invalidLoginCredsData" finished-at="2021-12-15T04:35:44 ICT">
          <params>
            <param index="0">
              <value>
                <![CDATA[LoginCreds{username='tunghuynh@', password='123456'}]]>
              </value>
            </param>
          </params>
          <reporter-output>
          </reporter-output>
        </test-method> <!-- loginWithInvalidCreds -->
        <test-method status="PASS" signature="onTestFailure(org.testng.ITestResult)[pri:0, instance:TestNG.TestLoginPage.LoginTest@2ad3a1bb]" name="onTestFailure" is-config="true" duration-ms="1" started-at="2021-12-15T04:35:44 ICT" finished-at="2021-12-15T04:35:44 ICT">
          <params>
            <param index="0">
              <value>
                <![CDATA[[TestResult name=loginWithInvalidCreds status=SUCCESS method=LoginTest.loginWithInvalidCreds(test_data.authentication.LoginCreds)[pri:1, instance:TestNG.TestLoginPage.LoginTest@2ad3a1bb] output={null}]]]>
              </value>
            </param>
          </params>
          <reporter-output>
          </reporter-output>
        </test-method> <!-- onTestFailure -->
        <test-method status="FAIL" signature="loginWithValidCreds(test_data.authentication.LoginCreds)[pri:2, instance:TestNG.TestLoginPage.LoginTest@2ad3a1bb]" name="loginWithValidCreds" duration-ms="0" started-at="2021-12-15T04:35:44 ICT" description="Login Test With Valid Creds" data-provider="validLoginCredsData" finished-at="2021-12-15T04:35:44 ICT">
          <exception class="org.testng.TestNGException">
            <message>
              <![CDATA[
Data Provider public test_data.authentication.LoginCreds[] TestNG.TestLoginPage.LoginTest.validLoginCredsData() returned a null value]]>
            </message>
            <full-stacktrace>
              <![CDATA[org.testng.TestNGException: 
Data Provider public test_data.authentication.LoginCreds[] TestNG.TestLoginPage.LoginTest.validLoginCredsData() returned a null value
at org.testng.internal.MethodInvocationHelper.invokeDataProvider(MethodInvocationHelper.java:148)
at org.testng.internal.Parameters.handleParameters(Parameters.java:798)
at org.testng.internal.Parameters.handleParameters(Parameters.java:740)
at org.testng.internal.ParameterHandler.handleParameters(ParameterHandler.java:59)
at org.testng.internal.ParameterHandler.createParameters(ParameterHandler.java:38)
at org.testng.internal.TestInvoker$MethodInvocationAgent.invoke(TestInvoker.java:791)
at org.testng.internal.TestInvoker.invokeTestMethods(TestInvoker.java:146)
at org.testng.internal.TestMethodWorker.invokeTestMethods(TestMethodWorker.java:146)
at org.testng.internal.TestMethodWorker.run(TestMethodWorker.java:128)
at java.util.ArrayList.forEach(ArrayList.java:1257)
at org.testng.TestRunner.privateRun(TestRunner.java:794)
at org.testng.TestRunner.run(TestRunner.java:596)
at org.testng.SuiteRunner.runTest(SuiteRunner.java:377)
at org.testng.SuiteRunner.access$000(SuiteRunner.java:28)
at org.testng.SuiteRunner$SuiteWorker.run(SuiteRunner.java:418)
at org.testng.internal.thread.ThreadUtil.lambda$execute$0(ThreadUtil.java:64)
at java.util.concurrent.FutureTask.run(FutureTask.java:266)
at java.util.concurrent.ThreadPoolExecutor.runWorker(ThreadPoolExecutor.java:1149)
at java.util.concurrent.ThreadPoolExecutor$Worker.run(ThreadPoolExecutor.java:624)
at java.lang.Thread.run(Thread.java:748)
]]>
            </full-stacktrace>
          </exception> <!-- org.testng.TestNGException -->
          <reporter-output>
          </reporter-output>
        </test-method> <!-- loginWithValidCreds -->
      </class> <!-- TestNG.TestLoginPage.LoginTest -->
    </test> <!-- Login Test | Z5 Premium -->
  </suite> <!-- Regression -->
</testng-results>
