<?xml version="1.0" encoding="UTF-8"?>
<!-- Generated by org.testng.reporters.JUnitXMLReporter -->
<testsuite hostname="TungH-RogStrix" ignored="1" name="[Smoke Test] Log In" tests="1" failures="0" timestamp="2021-12-07T03:27:27 ICT" time="26.74" errors="0">
  <testcase name="loginWithValidCreds" time="26.61" classname="TestNG.TestLoginPage.LoginTest"/>
  <testcase name="loginWithInvalidCreds" time="0.0" classname="TestNG.TestLoginPage.LoginTest">
    <ignored/>
  </testcase> <!-- loginWithInvalidCreds -->
</testsuite> <!-- [Smoke Test] Log In -->
