<?xml version="1.0" encoding="UTF-8"?>
<!-- Generated by org.testng.reporters.JUnitXMLReporter -->
<testsuite hostname="TungH-RogStrix" ignored="2" tests="0" failures="0" timestamp="2021-12-07T03:27:27 ICT" time="0.0" errors="0">
  <testcase name="loginWithInvalidCreds" time="0.0" classname="TestNG.TestLoginPage.LoginTest">
    <ignored/>
  </testcase> <!-- loginWithInvalidCreds -->
  <testcase name="loginWithValidCreds" time="0.0" classname="TestNG.TestLoginPage.LoginTest">
    <ignored/>
  </testcase> <!-- loginWithValidCreds -->
</testsuite>
