<?xml version="1.0" encoding="UTF-8"?>
<!-- Generated by org.testng.reporters.JUnitXMLReporter -->
<testsuite hostname="TungH-RogStrix" ignored="0" name="Authentication" tests="3" failures="0" timestamp="2021-11-28T17:09:46 ICT" time="56.311" errors="0">
  <testcase name="loginWithInvalidEmail" time="7.049" classname="TestNG.TestLoginPage.LoginTest"/>
  <testcase name="loginWithInvalidPassword" time="7.759" classname="TestNG.TestLoginPage.LoginTest"/>
  <testcase name="loginWithValidCreds" time="9.734" classname="TestNG.TestLoginPage.LoginTest"/>
</testsuite> <!-- Authentication -->
