<?xml version="1.0" encoding="UTF-8"?>
<!-- Generated by org.testng.reporters.JUnitXMLReporter -->
<testsuite hostname="TungH-RogStrix" ignored="0" name="Authentication" tests="4" failures="0" timestamp="2021-12-03T04:21:33 ICT" time="12.773" errors="0">
  <testcase name="@BeforeTest beforeTest" time="12.7" classname="models.base.BaseTest">
    <failure type="java.lang.IllegalArgumentException" message="InputStream cannot be null">
      <![CDATA[java.lang.IllegalArgumentException: InputStream cannot be null
at javax.xml.parsers.DocumentBuilder.parse(DocumentBuilder.java:117)
at utils.TestUtils.xmlStringParser(TestUtils.java:48)
at models.base.BaseTest.beforeTest(BaseTest.java:37)
... Removed 28 stack frames]]>
    </failure>
  </testcase> <!-- @BeforeTest beforeTest -->
  <testcase name="@BeforeClass beforeClass" time="-1.638480093001E9" classname="TestNG.TestLoginPage.LoginTest">
    <skipped/>
  </testcase> <!-- @BeforeClass beforeClass -->
  <testcase name="@BeforeMethod beforeMethod" time="-1.63848009301E9" classname="TestNG.TestLoginPage.LoginTest">
    <skipped/>
  </testcase> <!-- @BeforeMethod beforeMethod -->
  <testcase name="@AfterMethod afterMethod" time="-1.638480093011E9" classname="TestNG.TestLoginPage.LoginTest">
    <skipped/>
  </testcase> <!-- @AfterMethod afterMethod -->
  <testcase name="@BeforeMethod beforeMethod" time="-1.638480093012E9" classname="TestNG.TestLoginPage.LoginTest">
    <skipped/>
  </testcase> <!-- @BeforeMethod beforeMethod -->
  <testcase name="@AfterMethod afterMethod" time="-1.638480093012E9" classname="TestNG.TestLoginPage.LoginTest">
    <skipped/>
  </testcase> <!-- @AfterMethod afterMethod -->
  <testcase name="@BeforeMethod beforeMethod" time="-1.638480093052E9" classname="TestNG.TestLoginPage.LoginTest">
    <skipped/>
  </testcase> <!-- @BeforeMethod beforeMethod -->
  <testcase name="@AfterMethod afterMethod" time="-1.638480093052E9" classname="TestNG.TestLoginPage.LoginTest">
    <skipped/>
  </testcase> <!-- @AfterMethod afterMethod -->
  <testcase name="@BeforeMethod beforeMethod" time="-1.638480093052E9" classname="TestNG.TestLoginPage.LoginTest">
    <skipped/>
  </testcase> <!-- @BeforeMethod beforeMethod -->
  <testcase name="@AfterMethod afterMethod" time="-1.638480093052E9" classname="TestNG.TestLoginPage.LoginTest">
    <skipped/>
  </testcase> <!-- @AfterMethod afterMethod -->
  <testcase name="@AfterClass afterClass" time="-1.638480093053E9" classname="TestNG.TestLoginPage.LoginTest">
    <skipped/>
  </testcase> <!-- @AfterClass afterClass -->
  <testcase name="@AfterTest afterTest" time="-1.638480093054E9" classname="models.base.BaseTest">
    <skipped/>
  </testcase> <!-- @AfterTest afterTest -->
  <testcase name="loginWithInvalidEmail" time="0.0" classname="TestNG.TestLoginPage.LoginTest">
    <skipped/>
  </testcase> <!-- loginWithInvalidEmail -->
  <testcase name="loginWithInvalidPassword" time="0.0" classname="TestNG.TestLoginPage.LoginTest">
    <skipped/>
  </testcase> <!-- loginWithInvalidPassword -->
  <testcase name="loginWithValidCreds" time="0.0" classname="TestNG.TestLoginPage.LoginTest">
    <skipped/>
  </testcase> <!-- loginWithValidCreds -->
  <testcase name="loginWithValidCreds" time="0.0" classname="TestNG.TestLoginPage.LoginTest">
    <skipped/>
  </testcase> <!-- loginWithValidCreds -->
</testsuite> <!-- Authentication -->
