<?xml version="1.0" encoding="UTF-8"?>
<!-- Generated by org.testng.reporters.JUnitXMLReporter -->
<testsuite hostname="TungH-RogStrix" ignored="0" name="Login" tests="3" failures="0" timestamp="2021-12-05T07:47:09 ICT" time="37.692" errors="0">
  <testcase name="loginWithInvalidCreds" time="22.711" classname="TestNG.TestLoginPage.LoginTest"/>
  <testcase name="loginWithInvalidCreds" time="6.785" classname="TestNG.TestLoginPage.LoginTest"/>
  <testcase name="loginWithValidCreds" time="7.931" classname="TestNG.TestLoginPage.LoginTest"/>
</testsuite> <!-- Login -->
