<?xml version="1.0" encoding="UTF-8"?>
<!-- Generated by org.testng.reporters.JUnitXMLReporter -->
<testsuite hostname="TungH-RogStrix" ignored="0" name="SignUp" tests="3" failures="0" timestamp="2021-12-03T04:21:44 ICT" time="11.088" errors="0">
  <testcase name="@BeforeTest beforeTest" time="11.086" classname="models.base.BaseTest">
    <failure type="java.lang.IllegalArgumentException" message="InputStream cannot be null">
      <![CDATA[java.lang.IllegalArgumentException: InputStream cannot be null
at javax.xml.parsers.DocumentBuilder.parse(DocumentBuilder.java:117)
at utils.TestUtils.xmlStringParser(TestUtils.java:48)
at models.base.BaseTest.beforeTest(BaseTest.java:37)
... Removed 28 stack frames]]>
    </failure>
  </testcase> <!-- @BeforeTest beforeTest -->
  <testcase name="@BeforeClass beforeClass" time="-1.638480104159E9" classname="TestNG.TestLoginPage.SignUpTest">
    <skipped/>
  </testcase> <!-- @BeforeClass beforeClass -->
  <testcase name="@BeforeMethod beforeMethod" time="-1.63848010416E9" classname="TestNG.TestLoginPage.SignUpTest">
    <skipped/>
  </testcase> <!-- @BeforeMethod beforeMethod -->
  <testcase name="@AfterMethod afterMethod" time="-1.63848010416E9" classname="TestNG.TestLoginPage.SignUpTest">
    <skipped/>
  </testcase> <!-- @AfterMethod afterMethod -->
  <testcase name="@BeforeMethod beforeMethod" time="-1.63848010416E9" classname="TestNG.TestLoginPage.SignUpTest">
    <skipped/>
  </testcase> <!-- @BeforeMethod beforeMethod -->
  <testcase name="@AfterMethod afterMethod" time="-1.63848010416E9" classname="TestNG.TestLoginPage.SignUpTest">
    <skipped/>
  </testcase> <!-- @AfterMethod afterMethod -->
  <testcase name="@BeforeMethod beforeMethod" time="-1.638480104161E9" classname="TestNG.TestLoginPage.SignUpTest">
    <skipped/>
  </testcase> <!-- @BeforeMethod beforeMethod -->
  <testcase name="@AfterMethod afterMethod" time="-1.638480104161E9" classname="TestNG.TestLoginPage.SignUpTest">
    <skipped/>
  </testcase> <!-- @AfterMethod afterMethod -->
  <testcase name="@AfterClass afterClass" time="-1.638480104161E9" classname="TestNG.TestLoginPage.SignUpTest">
    <skipped/>
  </testcase> <!-- @AfterClass afterClass -->
  <testcase name="@AfterTest afterTest" time="-1.638480104161E9" classname="models.base.BaseTest">
    <skipped/>
  </testcase> <!-- @AfterTest afterTest -->
  <testcase name="signUpWithInvalidEmail" time="0.0" classname="TestNG.TestLoginPage.SignUpTest">
    <skipped/>
  </testcase> <!-- signUpWithInvalidEmail -->
  <testcase name="signUpWithInvalidPassword" time="0.0" classname="TestNG.TestLoginPage.SignUpTest">
    <skipped/>
  </testcase> <!-- signUpWithInvalidPassword -->
  <testcase name="signUpWithValidCreds" time="0.0" classname="TestNG.TestLoginPage.SignUpTest">
    <skipped/>
  </testcase> <!-- signUpWithValidCreds -->
</testsuite> <!-- SignUp -->
