<?xml version="1.0" encoding="UTF-8"?>
<!-- Generated by org.testng.reporters.JUnitXMLReporter -->
<testsuite hostname="TungH-RogStrix" ignored="0" name="SignUp" tests="3" failures="0" timestamp="2021-11-28T17:10:52 ICT" time="65.706" errors="0">
  <testcase name="signUpWithInvalidEmail" time="10.161" classname="TestNG.TestLoginPage.SignUpTest"/>
  <testcase name="signUpWithInvalidPassword" time="10.985" classname="TestNG.TestLoginPage.SignUpTest"/>
  <testcase name="signUpWithValidCreds" time="12.098" classname="TestNG.TestLoginPage.SignUpTest"/>
</testsuite> <!-- SignUp -->
